{"E:\\New project\\al-internship-recommendation-engine\\backend\\server.ts": {"path":"E:\\New project\\al-internship-recommendation-engine\\backend\\server.ts","statementMap":{"0":{"start":{"line":9,"column":0},"end":{"line":9,"column":16}},"1":{"start":{"line":27,"column":12},"end":{"line":27,"column":21}},"2":{"start":{"line":28,"column":13},"end":{"line":28,"column":37}},"3":{"start":{"line":31,"column":0},"end":{"line":33,"column":1}},"4":{"start":{"line":32,"column":2},"end":{"line":32,"column":14}},"5":{"start":{"line":38,"column":0},"end":{"line":43,"column":2}},"6":{"start":{"line":46,"column":0},"end":{"line":46,"column":28}},"7":{"start":{"line":49,"column":23},"end":{"line":51,"column":31}},"8":{"start":{"line":51,"column":22},"end":{"line":51,"column":30}},"9":{"start":{"line":53,"column":0},"end":{"line":59,"column":2}},"10":{"start":{"line":62,"column":0},"end":{"line":70,"column":1}},"11":{"start":{"line":63,"column":2},"end":{"line":68,"column":4}},"12":{"start":{"line":66,"column":46},"end":{"line":66,"column":66}},"13":{"start":{"line":69,"column":2},"end":{"line":69,"column":25}},"14":{"start":{"line":73,"column":0},"end":{"line":73,"column":40}},"15":{"start":{"line":74,"column":0},"end":{"line":74,"column":48}},"16":{"start":{"line":79,"column":19},"end":{"line":88,"column":2}},"17":{"start":{"line":91,"column":20},"end":{"line":100,"column":2}},"18":{"start":{"line":103,"column":18},"end":{"line":112,"column":2}},"19":{"start":{"line":114,"column":0},"end":{"line":114,"column":29}},"20":{"start":{"line":118,"column":0},"end":{"line":118,"column":46}},"21":{"start":{"line":119,"column":0},"end":{"line":119,"column":40}},"22":{"start":{"line":120,"column":0},"end":{"line":120,"column":54}},"23":{"start":{"line":121,"column":0},"end":{"line":121,"column":46}},"24":{"start":{"line":122,"column":0},"end":{"line":122,"column":69}},"25":{"start":{"line":123,"column":0},"end":{"line":123,"column":43}},"26":{"start":{"line":124,"column":0},"end":{"line":124,"column":53}},"27":{"start":{"line":125,"column":0},"end":{"line":125,"column":40}},"28":{"start":{"line":126,"column":0},"end":{"line":126,"column":48}},"29":{"start":{"line":130,"column":0},"end":{"line":149,"column":3}},"30":{"start":{"line":131,"column":17},"end":{"line":131,"column":31}},"31":{"start":{"line":132,"column":2},"end":{"line":134,"column":26}},"32":{"start":{"line":133,"column":4},"end":{"line":133,"column":69}},"33":{"start":{"line":133,"column":46},"end":{"line":133,"column":69}},"34":{"start":{"line":136,"column":2},"end":{"line":148,"column":5}},"35":{"start":{"line":153,"column":0},"end":{"line":229,"column":3}},"36":{"start":{"line":154,"column":2},"end":{"line":228,"column":5}},"37":{"start":{"line":233,"column":0},"end":{"line":238,"column":3}},"38":{"start":{"line":234,"column":2},"end":{"line":237,"column":5}},"39":{"start":{"line":242,"column":0},"end":{"line":242,"column":22}},"40":{"start":{"line":246,"column":0},"end":{"line":251,"column":1}},"41":{"start":{"line":247,"column":2},"end":{"line":250,"column":5}},"42":{"start":{"line":248,"column":4},"end":{"line":248,"column":62}},"43":{"start":{"line":249,"column":4},"end":{"line":249,"column":73}}},"fnMap":{"0":{"name":"(anonymous_0)","decl":{"start":{"line":51,"column":7},"end":{"line":51,"column":8}},"loc":{"start":{"line":51,"column":22},"end":{"line":51,"column":30}},"line":51},"1":{"name":"(anonymous_1)","decl":{"start":{"line":66,"column":12},"end":{"line":66,"column":13}},"loc":{"start":{"line":66,"column":46},"end":{"line":66,"column":66}},"line":66},"2":{"name":"(anonymous_2)","decl":{"start":{"line":130,"column":23},"end":{"line":130,"column":24}},"loc":{"start":{"line":130,"column":63},"end":{"line":149,"column":1}},"line":130},"3":{"name":"(anonymous_3)","decl":{"start":{"line":153,"column":21},"end":{"line":153,"column":22}},"loc":{"start":{"line":153,"column":55},"end":{"line":229,"column":1}},"line":153},"4":{"name":"(anonymous_4)","decl":{"start":{"line":233,"column":8},"end":{"line":233,"column":9}},"loc":{"start":{"line":233,"column":42},"end":{"line":238,"column":1}},"line":233},"5":{"name":"(anonymous_5)","decl":{"start":{"line":247,"column":19},"end":{"line":247,"column":20}},"loc":{"start":{"line":247,"column":25},"end":{"line":250,"column":3}},"line":247}},"branchMap":{"0":{"loc":{"start":{"line":28,"column":13},"end":{"line":28,"column":37}},"type":"binary-expr","locations":[{"start":{"line":28,"column":13},"end":{"line":28,"column":29}},{"start":{"line":28,"column":33},"end":{"line":28,"column":37}}],"line":28},"1":{"loc":{"start":{"line":31,"column":0},"end":{"line":33,"column":1}},"type":"if","locations":[{"start":{"line":31,"column":0},"end":{"line":33,"column":1}},{"start":{},"end":{}}],"line":31},"2":{"loc":{"start":{"line":49,"column":24},"end":{"line":49,"column":74}},"type":"binary-expr","locations":[{"start":{"line":49,"column":24},"end":{"line":49,"column":47}},{"start":{"line":49,"column":51},"end":{"line":49,"column":74}}],"line":49},"3":{"loc":{"start":{"line":62,"column":0},"end":{"line":70,"column":1}},"type":"if","locations":[{"start":{"line":62,"column":0},"end":{"line":70,"column":1}},{"start":{},"end":{}}],"line":62},"4":{"loc":{"start":{"line":80,"column":12},"end":{"line":80,"column":86}},"type":"binary-expr","locations":[{"start":{"line":80,"column":12},"end":{"line":80,"column":68}},{"start":{"line":80,"column":72},"end":{"line":80,"column":86}}],"line":80},"5":{"loc":{"start":{"line":81,"column":7},"end":{"line":81,"column":73}},"type":"binary-expr","locations":[{"start":{"line":81,"column":7},"end":{"line":81,"column":66}},{"start":{"line":81,"column":70},"end":{"line":81,"column":73}}],"line":81},"6":{"loc":{"start":{"line":133,"column":4},"end":{"line":133,"column":69}},"type":"if","locations":[{"start":{"line":133,"column":4},"end":{"line":133,"column":69}},{"start":{},"end":{}}],"line":133},"7":{"loc":{"start":{"line":140,"column":17},"end":{"line":140,"column":54}},"type":"binary-expr","locations":[{"start":{"line":140,"column":17},"end":{"line":140,"column":37}},{"start":{"line":140,"column":41},"end":{"line":140,"column":54}}],"line":140},"8":{"loc":{"start":{"line":246,"column":0},"end":{"line":251,"column":1}},"type":"if","locations":[{"start":{"line":246,"column":0},"end":{"line":251,"column":1}},{"start":{},"end":{}}],"line":246},"9":{"loc":{"start":{"line":249,"column":32},"end":{"line":249,"column":69}},"type":"binary-expr","locations":[{"start":{"line":249,"column":32},"end":{"line":249,"column":52}},{"start":{"line":249,"column":56},"end":{"line":249,"column":69}}],"line":249}},"s":{"0":3,"1":3,"2":3,"3":3,"4":0,"5":3,"6":3,"7":3,"8":3,"9":3,"10":3,"11":0,"12":0,"13":0,"14":3,"15":3,"16":3,"17":3,"18":3,"19":3,"20":3,"21":3,"22":3,"23":3,"24":3,"25":3,"26":3,"27":3,"28":3,"29":3,"30":0,"31":0,"32":0,"33":0,"34":0,"35":3,"36":0,"37":3,"38":0,"39":3,"40":3,"41":0,"42":0,"43":0},"f":{"0":3,"1":0,"2":0,"3":0,"4":0,"5":0},"b":{"0":[3,0],"1":[0,3],"2":[3,0],"3":[0,3],"4":[3,0],"5":[3,0],"6":[0,0],"7":[0,0],"8":[0,3],"9":[0,0]},"_coverageSchema":"1a1c01bbd47fc00a2c39e90264f33305004495a9","hash":"5c005ab3fd9b2291459ccaf95b434e88fc8f0742"}
,"E:\\New project\\al-internship-recommendation-engine\\backend\\config\\db.ts": {"path":"E:\\New project\\al-internship-recommendation-engine\\backend\\config\\db.ts","statementMap":{"0":{"start":{"line":7,"column":18},"end":{"line":19,"column":1}},"1":{"start":{"line":8,"column":2},"end":{"line":18,"column":3}},"2":{"start":{"line":9,"column":21},"end":{"line":9,"column":44}},"3":{"start":{"line":10,"column":4},"end":{"line":12,"column":5}},"4":{"start":{"line":11,"column":6},"end":{"line":11,"column":73}},"5":{"start":{"line":13,"column":17},"end":{"line":13,"column":49}},"6":{"start":{"line":14,"column":4},"end":{"line":14,"column":64}},"7":{"start":{"line":16,"column":4},"end":{"line":16,"column":66}},"8":{"start":{"line":17,"column":4},"end":{"line":17,"column":91}}},"fnMap":{"0":{"name":"(anonymous_0)","decl":{"start":{"line":7,"column":18},"end":{"line":7,"column":19}},"loc":{"start":{"line":7,"column":45},"end":{"line":19,"column":1}},"line":7}},"branchMap":{"0":{"loc":{"start":{"line":10,"column":4},"end":{"line":12,"column":5}},"type":"if","locations":[{"start":{"line":10,"column":4},"end":{"line":12,"column":5}},{"start":{},"end":{}}],"line":10}},"s":{"0":3,"1":0,"2":0,"3":0,"4":0,"5":0,"6":0,"7":0,"8":0},"f":{"0":0},"b":{"0":[0,0]},"_coverageSchema":"1a1c01bbd47fc00a2c39e90264f33305004495a9","hash":"e3735cfb8d3b8a28e4d69ec500b0c9146ff69519"}
,"E:\\New project\\al-internship-recommendation-engine\\backend\\controllers\\aiController.ts": {"path":"E:\\New project\\al-internship-recommendation-engine\\backend\\controllers\\aiController.ts","statementMap":{"0":{"start":{"line":10,"column":36},"end":{"line":52,"column":1}},"1":{"start":{"line":11,"column":2},"end":{"line":51,"column":3}},"2":{"start":{"line":12,"column":20},"end":{"line":12,"column":28}},"3":{"start":{"line":13,"column":23},"end":{"line":13,"column":46}},"4":{"start":{"line":18,"column":27},"end":{"line":18,"column":59}},"5":{"start":{"line":20,"column":4},"end":{"line":26,"column":5}},"6":{"start":{"line":21,"column":6},"end":{"line":25,"column":9}},"7":{"start":{"line":28,"column":28},"end":{"line":32,"column":5}},"8":{"start":{"line":34,"column":4},"end":{"line":39,"column":5}},"9":{"start":{"line":35,"column":6},"end":{"line":38,"column":9}},"10":{"start":{"line":41,"column":4},"end":{"line":44,"column":7}},"11":{"start":{"line":46,"column":4},"end":{"line":46,"column":84}},"12":{"start":{"line":47,"column":4},"end":{"line":50,"column":7}}},"fnMap":{"0":{"name":"(anonymous_0)","decl":{"start":{"line":10,"column":36},"end":{"line":10,"column":37}},"loc":{"start":{"line":10,"column":75},"end":{"line":52,"column":1}},"line":10}},"branchMap":{"0":{"loc":{"start":{"line":13,"column":23},"end":{"line":13,"column":46}},"type":"binary-expr","locations":[{"start":{"line":13,"column":23},"end":{"line":13,"column":41}},{"start":{"line":13,"column":45},"end":{"line":13,"column":46}}],"line":13},"1":{"loc":{"start":{"line":20,"column":4},"end":{"line":26,"column":5}},"type":"if","locations":[{"start":{"line":20,"column":4},"end":{"line":26,"column":5}},{"start":{},"end":{}}],"line":20},"2":{"loc":{"start":{"line":20,"column":8},"end":{"line":20,"column":54}},"type":"binary-expr","locations":[{"start":{"line":20,"column":8},"end":{"line":20,"column":23}},{"start":{"line":20,"column":27},"end":{"line":20,"column":54}}],"line":20},"3":{"loc":{"start":{"line":34,"column":4},"end":{"line":39,"column":5}},"type":"if","locations":[{"start":{"line":34,"column":4},"end":{"line":39,"column":5}},{"start":{},"end":{}}],"line":34}},"s":{"0":3,"1":0,"2":0,"3":0,"4":0,"5":0,"6":0,"7":0,"8":0,"9":0,"10":0,"11":0,"12":0},"f":{"0":0},"b":{"0":[0,0],"1":[0,0],"2":[0,0],"3":[0,0]},"_coverageSchema":"1a1c01bbd47fc00a2c39e90264f33305004495a9","hash":"d10df868084d8f10e02f17f54c7002edcdcacb39"}
,"E:\\New project\\al-internship-recommendation-engine\\backend\\controllers\\aiRecommendationController.ts": {"path":"E:\\New project\\al-internship-recommendation-engine\\backend\\controllers\\aiRecommendationController.ts","statementMap":{"0":{"start":{"line":10,"column":35},"end":{"line":38,"column":1}},"1":{"start":{"line":11,"column":2},"end":{"line":37,"column":3}},"2":{"start":{"line":12,"column":46},"end":{"line":12,"column":54}},"3":{"start":{"line":14,"column":27},"end":{"line":18,"column":6}},"4":{"start":{"line":20,"column":4},"end":{"line":23,"column":7}},"5":{"start":{"line":26,"column":4},"end":{"line":30,"column":5}},"6":{"start":{"line":27,"column":23},"end":{"line":27,"column":58}},"7":{"start":{"line":28,"column":6},"end":{"line":28,"column":27}},"8":{"start":{"line":29,"column":6},"end":{"line":29,"column":23}},"9":{"start":{"line":31,"column":4},"end":{"line":35,"column":5}},"10":{"start":{"line":32,"column":23},"end":{"line":32,"column":87}},"11":{"start":{"line":33,"column":6},"end":{"line":33,"column":27}},"12":{"start":{"line":34,"column":6},"end":{"line":34,"column":23}},"13":{"start":{"line":36,"column":4},"end":{"line":36,"column":16}}},"fnMap":{"0":{"name":"(anonymous_0)","decl":{"start":{"line":10,"column":35},"end":{"line":10,"column":36}},"loc":{"start":{"line":10,"column":94},"end":{"line":38,"column":1}},"line":10}},"branchMap":{"0":{"loc":{"start":{"line":26,"column":4},"end":{"line":30,"column":5}},"type":"if","locations":[{"start":{"line":26,"column":4},"end":{"line":30,"column":5}},{"start":{},"end":{}}],"line":26},"1":{"loc":{"start":{"line":31,"column":4},"end":{"line":35,"column":5}},"type":"if","locations":[{"start":{"line":31,"column":4},"end":{"line":35,"column":5}},{"start":{},"end":{}}],"line":31}},"s":{"0":3,"1":0,"2":0,"3":0,"4":0,"5":0,"6":0,"7":0,"8":0,"9":0,"10":0,"11":0,"12":0,"13":0},"f":{"0":0},"b":{"0":[0,0],"1":[0,0]},"_coverageSchema":"1a1c01bbd47fc00a2c39e90264f33305004495a9","hash":"5d3e5a73dbc7bdcd61603fbd7bed89a8722da643"}
,"E:\\New project\\al-internship-recommendation-engine\\backend\\controllers\\authController.ts": {"path":"E:\\New project\\al-internship-recommendation-engine\\backend\\controllers\\authController.ts","statementMap":{"0":{"start":{"line":14,"column":22},"end":{"line":56,"column":2}},"1":{"start":{"line":15,"column":36},"end":{"line":15,"column":44}},"2":{"start":{"line":18,"column":23},"end":{"line":18,"column":52}},"3":{"start":{"line":19,"column":2},"end":{"line":21,"column":3}},"4":{"start":{"line":20,"column":4},"end":{"line":20,"column":74}},"5":{"start":{"line":24,"column":15},"end":{"line":24,"column":59}},"6":{"start":{"line":27,"column":18},"end":{"line":33,"column":4}},"7":{"start":{"line":35,"column":2},"end":{"line":35,"column":36}},"8":{"start":{"line":36,"column":2},"end":{"line":36,"column":20}},"9":{"start":{"line":38,"column":16},"end":{"line":38,"column":59}},"10":{"start":{"line":40,"column":2},"end":{"line":40,"column":47}},"11":{"start":{"line":42,"column":2},"end":{"line":55,"column":5}},"12":{"start":{"line":63,"column":21},"end":{"line":93,"column":2}},"13":{"start":{"line":64,"column":30},"end":{"line":64,"column":38}},"14":{"start":{"line":67,"column":15},"end":{"line":67,"column":64}},"15":{"start":{"line":68,"column":2},"end":{"line":70,"column":3}},"16":{"start":{"line":69,"column":4},"end":{"line":69,"column":62}},"17":{"start":{"line":73,"column":2},"end":{"line":73,"column":30}},"18":{"start":{"line":74,"column":2},"end":{"line":74,"column":20}},"19":{"start":{"line":76,"column":16},"end":{"line":76,"column":59}},"20":{"start":{"line":78,"column":2},"end":{"line":78,"column":42}},"21":{"start":{"line":80,"column":2},"end":{"line":92,"column":5}},"22":{"start":{"line":100,"column":21},"end":{"line":110,"column":2}},"23":{"start":{"line":101,"column":2},"end":{"line":103,"column":3}},"24":{"start":{"line":102,"column":4},"end":{"line":102,"column":61}},"25":{"start":{"line":104,"column":15},"end":{"line":104,"column":68}},"26":{"start":{"line":106,"column":2},"end":{"line":109,"column":5}},"27":{"start":{"line":117,"column":24},"end":{"line":136,"column":2}},"28":{"start":{"line":118,"column":26},"end":{"line":118,"column":34}},"29":{"start":{"line":120,"column":2},"end":{"line":122,"column":3}},"30":{"start":{"line":121,"column":4},"end":{"line":121,"column":61}},"31":{"start":{"line":124,"column":15},"end":{"line":124,"column":48}},"32":{"start":{"line":125,"column":2},"end":{"line":125,"column":55}},"33":{"start":{"line":125,"column":13},"end":{"line":125,"column":55}},"34":{"start":{"line":127,"column":2},"end":{"line":127,"column":29}},"35":{"start":{"line":127,"column":12},"end":{"line":127,"column":29}},"36":{"start":{"line":128,"column":2},"end":{"line":128,"column":32}},"37":{"start":{"line":128,"column":13},"end":{"line":128,"column":32}},"38":{"start":{"line":129,"column":2},"end":{"line":129,"column":20}},"39":{"start":{"line":131,"column":2},"end":{"line":135,"column":5}}},"fnMap":{"0":{"name":"(anonymous_0)","decl":{"start":{"line":14,"column":35},"end":{"line":14,"column":36}},"loc":{"start":{"line":14,"column":74},"end":{"line":56,"column":1}},"line":14},"1":{"name":"(anonymous_1)","decl":{"start":{"line":63,"column":34},"end":{"line":63,"column":35}},"loc":{"start":{"line":63,"column":73},"end":{"line":93,"column":1}},"line":63},"2":{"name":"(anonymous_2)","decl":{"start":{"line":100,"column":34},"end":{"line":100,"column":35}},"loc":{"start":{"line":100,"column":73},"end":{"line":110,"column":1}},"line":100},"3":{"name":"(anonymous_3)","decl":{"start":{"line":117,"column":37},"end":{"line":117,"column":38}},"loc":{"start":{"line":117,"column":76},"end":{"line":136,"column":1}},"line":117}},"branchMap":{"0":{"loc":{"start":{"line":19,"column":2},"end":{"line":21,"column":3}},"type":"if","locations":[{"start":{"line":19,"column":2},"end":{"line":21,"column":3}},{"start":{},"end":{}}],"line":19},"1":{"loc":{"start":{"line":68,"column":2},"end":{"line":70,"column":3}},"type":"if","locations":[{"start":{"line":68,"column":2},"end":{"line":70,"column":3}},{"start":{},"end":{}}],"line":68},"2":{"loc":{"start":{"line":68,"column":6},"end":{"line":68,"column":63}},"type":"binary-expr","locations":[{"start":{"line":68,"column":6},"end":{"line":68,"column":11}},{"start":{"line":68,"column":15},"end":{"line":68,"column":63}}],"line":68},"3":{"loc":{"start":{"line":101,"column":2},"end":{"line":103,"column":3}},"type":"if","locations":[{"start":{"line":101,"column":2},"end":{"line":103,"column":3}},{"start":{},"end":{}}],"line":101},"4":{"loc":{"start":{"line":120,"column":2},"end":{"line":122,"column":3}},"type":"if","locations":[{"start":{"line":120,"column":2},"end":{"line":122,"column":3}},{"start":{},"end":{}}],"line":120},"5":{"loc":{"start":{"line":125,"column":2},"end":{"line":125,"column":55}},"type":"if","locations":[{"start":{"line":125,"column":2},"end":{"line":125,"column":55}},{"start":{},"end":{}}],"line":125},"6":{"loc":{"start":{"line":127,"column":2},"end":{"line":127,"column":29}},"type":"if","locations":[{"start":{"line":127,"column":2},"end":{"line":127,"column":29}},{"start":{},"end":{}}],"line":127},"7":{"loc":{"start":{"line":128,"column":2},"end":{"line":128,"column":32}},"type":"if","locations":[{"start":{"line":128,"column":2},"end":{"line":128,"column":32}},{"start":{},"end":{}}],"line":128}},"s":{"0":3,"1":5,"2":5,"3":5,"4":0,"5":5,"6":5,"7":5,"8":5,"9":5,"10":5,"11":5,"12":3,"13":4,"14":4,"15":4,"16":1,"17":3,"18":3,"19":3,"20":3,"21":3,"22":3,"23":0,"24":0,"25":0,"26":0,"27":3,"28":0,"29":0,"30":0,"31":0,"32":0,"33":0,"34":0,"35":0,"36":0,"37":0,"38":0,"39":0},"f":{"0":5,"1":4,"2":0,"3":0},"b":{"0":[0,5],"1":[1,3],"2":[4,4],"3":[0,0],"4":[0,0],"5":[0,0],"6":[0,0],"7":[0,0]},"_coverageSchema":"1a1c01bbd47fc00a2c39e90264f33305004495a9","hash":"273648f30282fd03d10fb4040cfeebe6fa7614ef"}
,"E:\\New project\\al-internship-recommendation-engine\\backend\\controllers\\dashboardController.ts": {"path":"E:\\New project\\al-internship-recommendation-engine\\backend\\controllers\\dashboardController.ts","statementMap":{"0":{"start":{"line":14,"column":28},"end":{"line":112,"column":2}},"1":{"start":{"line":15,"column":2},"end":{"line":15,"column":63}},"2":{"start":{"line":15,"column":17},"end":{"line":15,"column":63}},"3":{"start":{"line":17,"column":17},"end":{"line":17,"column":29}},"4":{"start":{"line":18,"column":20},"end":{"line":18,"column":36}},"5":{"start":{"line":21,"column":4},"end":{"line":35,"column":6}},"6":{"start":{"line":38,"column":20},"end":{"line":38,"column":92}},"7":{"start":{"line":38,"column":60},"end":{"line":38,"column":91}},"8":{"start":{"line":39,"column":49},"end":{"line":39,"column":51}},"9":{"start":{"line":40,"column":2},"end":{"line":42,"column":3}},"10":{"start":{"line":41,"column":4},"end":{"line":41,"column":61}},"11":{"start":{"line":45,"column":53},"end":{"line":45,"column":55}},"12":{"start":{"line":46,"column":2},"end":{"line":49,"column":3}},"13":{"start":{"line":47,"column":19},"end":{"line":47,"column":67}},"14":{"start":{"line":48,"column":4},"end":{"line":48,"column":71}},"15":{"start":{"line":52,"column":21},"end":{"line":62,"column":14}},"16":{"start":{"line":53,"column":19},"end":{"line":53,"column":48}},"17":{"start":{"line":54,"column":17},"end":{"line":61,"column":5}},"18":{"start":{"line":57,"column":56},"end":{"line":57,"column":74}},"19":{"start":{"line":59,"column":62},"end":{"line":59,"column":74}},"20":{"start":{"line":65,"column":30},"end":{"line":65,"column":65}},"21":{"start":{"line":68,"column":24},"end":{"line":70,"column":3}},"22":{"start":{"line":69,"column":40},"end":{"line":69,"column":89}},"23":{"start":{"line":72,"column":2},"end":{"line":111,"column":5}},"24":{"start":{"line":85,"column":26},"end":{"line":85,"column":37}},"25":{"start":{"line":86,"column":37},"end":{"line":86,"column":116}},"26":{"start":{"line":89,"column":51},"end":{"line":89,"column":65}},"27":{"start":{"line":92,"column":59},"end":{"line":99,"column":7}},"28":{"start":{"line":100,"column":64},"end":{"line":105,"column":7}},"29":{"start":{"line":107,"column":24},"end":{"line":107,"column":35}},"30":{"start":{"line":109,"column":34},"end":{"line":109,"column":50}},"31":{"start":{"line":115,"column":2},"end":{"line":115,"column":25}},"32":{"start":{"line":115,"column":16},"end":{"line":115,"column":25}},"33":{"start":{"line":116,"column":14},"end":{"line":116,"column":15}},"34":{"start":{"line":117,"column":2},"end":{"line":117,"column":46}},"35":{"start":{"line":117,"column":34},"end":{"line":117,"column":46}},"36":{"start":{"line":118,"column":2},"end":{"line":118,"column":47}},"37":{"start":{"line":118,"column":35},"end":{"line":118,"column":47}},"38":{"start":{"line":119,"column":2},"end":{"line":119,"column":49}},"39":{"start":{"line":119,"column":37},"end":{"line":119,"column":49}},"40":{"start":{"line":120,"column":2},"end":{"line":120,"column":82}},"41":{"start":{"line":120,"column":70},"end":{"line":120,"column":82}},"42":{"start":{"line":121,"column":2},"end":{"line":121,"column":44}},"43":{"start":{"line":121,"column":32},"end":{"line":121,"column":44}},"44":{"start":{"line":122,"column":2},"end":{"line":122,"column":36}},"45":{"start":{"line":122,"column":24},"end":{"line":122,"column":36}},"46":{"start":{"line":123,"column":2},"end":{"line":123,"column":30}},"47":{"start":{"line":131,"column":26},"end":{"line":157,"column":2}},"48":{"start":{"line":132,"column":2},"end":{"line":132,"column":63}},"49":{"start":{"line":132,"column":17},"end":{"line":132,"column":63}},"50":{"start":{"line":134,"column":15},"end":{"line":134,"column":71}},"51":{"start":{"line":135,"column":16},"end":{"line":135,"column":88}},"52":{"start":{"line":136,"column":15},"end":{"line":136,"column":33}},"53":{"start":{"line":138,"column":27},"end":{"line":145,"column":4}},"54":{"start":{"line":147,"column":2},"end":{"line":156,"column":5}},"55":{"start":{"line":164,"column":24},"end":{"line":177,"column":2}},"56":{"start":{"line":165,"column":2},"end":{"line":165,"column":63}},"57":{"start":{"line":165,"column":17},"end":{"line":165,"column":63}},"58":{"start":{"line":167,"column":16},"end":{"line":170,"column":11}},"59":{"start":{"line":172,"column":2},"end":{"line":176,"column":5}},"60":{"start":{"line":184,"column":30},"end":{"line":203,"column":2}},"61":{"start":{"line":185,"column":2},"end":{"line":185,"column":63}},"62":{"start":{"line":185,"column":17},"end":{"line":185,"column":63}},"63":{"start":{"line":187,"column":56},"end":{"line":187,"column":64}},"64":{"start":{"line":189,"column":16},"end":{"line":196,"column":4}},"65":{"start":{"line":198,"column":2},"end":{"line":202,"column":5}},"66":{"start":{"line":210,"column":27},"end":{"line":226,"column":2}},"67":{"start":{"line":211,"column":2},"end":{"line":211,"column":63}},"68":{"start":{"line":211,"column":17},"end":{"line":211,"column":63}},"69":{"start":{"line":213,"column":16},"end":{"line":216,"column":4}},"70":{"start":{"line":218,"column":2},"end":{"line":220,"column":3}},"71":{"start":{"line":219,"column":4},"end":{"line":219,"column":59}},"72":{"start":{"line":222,"column":2},"end":{"line":225,"column":5}}},"fnMap":{"0":{"name":"(anonymous_0)","decl":{"start":{"line":14,"column":41},"end":{"line":14,"column":42}},"loc":{"start":{"line":14,"column":80},"end":{"line":112,"column":1}},"line":14},"1":{"name":"(anonymous_1)","decl":{"start":{"line":38,"column":53},"end":{"line":38,"column":54}},"loc":{"start":{"line":38,"column":60},"end":{"line":38,"column":91}},"line":38},"2":{"name":"(anonymous_2)","decl":{"start":{"line":53,"column":12},"end":{"line":53,"column":13}},"loc":{"start":{"line":53,"column":19},"end":{"line":53,"column":48}},"line":53},"3":{"name":"(anonymous_3)","decl":{"start":{"line":54,"column":9},"end":{"line":54,"column":10}},"loc":{"start":{"line":54,"column":17},"end":{"line":61,"column":5}},"line":54},"4":{"name":"(anonymous_4)","decl":{"start":{"line":57,"column":33},"end":{"line":57,"column":34}},"loc":{"start":{"line":57,"column":56},"end":{"line":57,"column":74}},"line":57},"5":{"name":"(anonymous_5)","decl":{"start":{"line":59,"column":50},"end":{"line":59,"column":51}},"loc":{"start":{"line":59,"column":62},"end":{"line":59,"column":74}},"line":59},"6":{"name":"(anonymous_6)","decl":{"start":{"line":69,"column":33},"end":{"line":69,"column":34}},"loc":{"start":{"line":69,"column":40},"end":{"line":69,"column":89}},"line":69},"7":{"name":"(anonymous_7)","decl":{"start":{"line":85,"column":16},"end":{"line":85,"column":17}},"loc":{"start":{"line":85,"column":26},"end":{"line":85,"column":37}},"line":85},"8":{"name":"(anonymous_8)","decl":{"start":{"line":86,"column":15},"end":{"line":86,"column":16}},"loc":{"start":{"line":86,"column":37},"end":{"line":86,"column":116}},"line":86},"9":{"name":"(anonymous_9)","decl":{"start":{"line":89,"column":41},"end":{"line":89,"column":42}},"loc":{"start":{"line":89,"column":51},"end":{"line":89,"column":65}},"line":89},"10":{"name":"(anonymous_10)","decl":{"start":{"line":92,"column":51},"end":{"line":92,"column":52}},"loc":{"start":{"line":92,"column":59},"end":{"line":99,"column":7}},"line":92},"11":{"name":"(anonymous_11)","decl":{"start":{"line":100,"column":56},"end":{"line":100,"column":57}},"loc":{"start":{"line":100,"column":64},"end":{"line":105,"column":7}},"line":100},"12":{"name":"(anonymous_12)","decl":{"start":{"line":107,"column":14},"end":{"line":107,"column":15}},"loc":{"start":{"line":107,"column":24},"end":{"line":107,"column":35}},"line":107},"13":{"name":"(anonymous_13)","decl":{"start":{"line":109,"column":13},"end":{"line":109,"column":14}},"loc":{"start":{"line":109,"column":34},"end":{"line":109,"column":50}},"line":109},"14":{"name":"computeProfileCompleteness","decl":{"start":{"line":114,"column":9},"end":{"line":114,"column":35}},"loc":{"start":{"line":114,"column":50},"end":{"line":124,"column":1}},"line":114},"15":{"name":"(anonymous_15)","decl":{"start":{"line":131,"column":39},"end":{"line":131,"column":40}},"loc":{"start":{"line":131,"column":78},"end":{"line":157,"column":1}},"line":131},"16":{"name":"(anonymous_16)","decl":{"start":{"line":164,"column":37},"end":{"line":164,"column":38}},"loc":{"start":{"line":164,"column":76},"end":{"line":177,"column":1}},"line":164},"17":{"name":"(anonymous_17)","decl":{"start":{"line":184,"column":43},"end":{"line":184,"column":44}},"loc":{"start":{"line":184,"column":82},"end":{"line":203,"column":1}},"line":184},"18":{"name":"(anonymous_18)","decl":{"start":{"line":210,"column":40},"end":{"line":210,"column":41}},"loc":{"start":{"line":210,"column":79},"end":{"line":226,"column":1}},"line":210}},"branchMap":{"0":{"loc":{"start":{"line":15,"column":2},"end":{"line":15,"column":63}},"type":"if","locations":[{"start":{"line":15,"column":2},"end":{"line":15,"column":63}},{"start":{},"end":{}}],"line":15},"1":{"loc":{"start":{"line":33,"column":6},"end":{"line":33,"column":59}},"type":"cond-expr","locations":[{"start":{"line":33,"column":18},"end":{"line":33,"column":52}},{"start":{"line":33,"column":55},"end":{"line":33,"column":59}}],"line":33},"2":{"loc":{"start":{"line":38,"column":60},"end":{"line":38,"column":91}},"type":"binary-expr","locations":[{"start":{"line":38,"column":60},"end":{"line":38,"column":85}},{"start":{"line":38,"column":89},"end":{"line":38,"column":91}}],"line":38},"3":{"loc":{"start":{"line":41,"column":29},"end":{"line":41,"column":55}},"type":"binary-expr","locations":[{"start":{"line":41,"column":29},"end":{"line":41,"column":50}},{"start":{"line":41,"column":54},"end":{"line":41,"column":55}}],"line":41},"4":{"loc":{"start":{"line":47,"column":19},"end":{"line":47,"column":67}},"type":"binary-expr","locations":[{"start":{"line":47,"column":19},"end":{"line":47,"column":54}},{"start":{"line":47,"column":58},"end":{"line":47,"column":67}}],"line":47},"5":{"loc":{"start":{"line":48,"column":34},"end":{"line":48,"column":65}},"type":"binary-expr","locations":[{"start":{"line":48,"column":34},"end":{"line":48,"column":60}},{"start":{"line":48,"column":64},"end":{"line":48,"column":65}}],"line":48},"6":{"loc":{"start":{"line":57,"column":61},"end":{"line":57,"column":73}},"type":"binary-expr","locations":[{"start":{"line":57,"column":61},"end":{"line":57,"column":68}},{"start":{"line":57,"column":72},"end":{"line":57,"column":73}}],"line":57},"7":{"loc":{"start":{"line":59,"column":62},"end":{"line":59,"column":74}},"type":"binary-expr","locations":[{"start":{"line":59,"column":62},"end":{"line":59,"column":69}},{"start":{"line":59,"column":73},"end":{"line":59,"column":74}}],"line":59},"8":{"loc":{"start":{"line":88,"column":27},"end":{"line":90,"column":13}},"type":"cond-expr","locations":[{"start":{"line":89,"column":12},"end":{"line":89,"column":90}},{"start":{"line":90,"column":12},"end":{"line":90,"column":13}}],"line":88},"9":{"loc":{"start":{"line":96,"column":16},"end":{"line":96,"column":47}},"type":"binary-expr","locations":[{"start":{"line":96,"column":16},"end":{"line":96,"column":41}},{"start":{"line":96,"column":45},"end":{"line":96,"column":47}}],"line":96},"10":{"loc":{"start":{"line":97,"column":16},"end":{"line":97,"column":60}},"type":"binary-expr","locations":[{"start":{"line":97,"column":16},"end":{"line":97,"column":51}},{"start":{"line":97,"column":55},"end":{"line":97,"column":60}}],"line":97},"11":{"loc":{"start":{"line":98,"column":21},"end":{"line":98,"column":51}},"type":"binary-expr","locations":[{"start":{"line":98,"column":21},"end":{"line":98,"column":46}},{"start":{"line":98,"column":50},"end":{"line":98,"column":51}}],"line":98},"12":{"loc":{"start":{"line":115,"column":2},"end":{"line":115,"column":25}},"type":"if","locations":[{"start":{"line":115,"column":2},"end":{"line":115,"column":25}},{"start":{},"end":{}}],"line":115},"13":{"loc":{"start":{"line":117,"column":2},"end":{"line":117,"column":46}},"type":"if","locations":[{"start":{"line":117,"column":2},"end":{"line":117,"column":46}},{"start":{},"end":{}}],"line":117},"14":{"loc":{"start":{"line":118,"column":2},"end":{"line":118,"column":47}},"type":"if","locations":[{"start":{"line":118,"column":2},"end":{"line":118,"column":47}},{"start":{},"end":{}}],"line":118},"15":{"loc":{"start":{"line":119,"column":2},"end":{"line":119,"column":49}},"type":"if","locations":[{"start":{"line":119,"column":2},"end":{"line":119,"column":49}},{"start":{},"end":{}}],"line":119},"16":{"loc":{"start":{"line":120,"column":2},"end":{"line":120,"column":82}},"type":"if","locations":[{"start":{"line":120,"column":2},"end":{"line":120,"column":82}},{"start":{},"end":{}}],"line":120},"17":{"loc":{"start":{"line":120,"column":6},"end":{"line":120,"column":68}},"type":"binary-expr","locations":[{"start":{"line":120,"column":6},"end":{"line":120,"column":30}},{"start":{"line":120,"column":34},"end":{"line":120,"column":68}}],"line":120},"18":{"loc":{"start":{"line":121,"column":2},"end":{"line":121,"column":44}},"type":"if","locations":[{"start":{"line":121,"column":2},"end":{"line":121,"column":44}},{"start":{},"end":{}}],"line":121},"19":{"loc":{"start":{"line":122,"column":2},"end":{"line":122,"column":36}},"type":"if","locations":[{"start":{"line":122,"column":2},"end":{"line":122,"column":36}},{"start":{},"end":{}}],"line":122},"20":{"loc":{"start":{"line":132,"column":2},"end":{"line":132,"column":63}},"type":"if","locations":[{"start":{"line":132,"column":2},"end":{"line":132,"column":63}},{"start":{},"end":{}}],"line":132},"21":{"loc":{"start":{"line":134,"column":27},"end":{"line":134,"column":70}},"type":"binary-expr","locations":[{"start":{"line":134,"column":27},"end":{"line":134,"column":65}},{"start":{"line":134,"column":69},"end":{"line":134,"column":70}}],"line":134},"22":{"loc":{"start":{"line":135,"column":41},"end":{"line":135,"column":86}},"type":"binary-expr","locations":[{"start":{"line":135,"column":41},"end":{"line":135,"column":80}},{"start":{"line":135,"column":84},"end":{"line":135,"column":86}}],"line":135},"23":{"loc":{"start":{"line":165,"column":2},"end":{"line":165,"column":63}},"type":"if","locations":[{"start":{"line":165,"column":2},"end":{"line":165,"column":63}},{"start":{},"end":{}}],"line":165},"24":{"loc":{"start":{"line":185,"column":2},"end":{"line":185,"column":63}},"type":"if","locations":[{"start":{"line":185,"column":2},"end":{"line":185,"column":63}},{"start":{},"end":{}}],"line":185},"25":{"loc":{"start":{"line":193,"column":11},"end":{"line":193,"column":21}},"type":"binary-expr","locations":[{"start":{"line":193,"column":11},"end":{"line":193,"column":16}},{"start":{"line":193,"column":20},"end":{"line":193,"column":21}}],"line":193},"26":{"loc":{"start":{"line":194,"column":15},"end":{"line":194,"column":30}},"type":"binary-expr","locations":[{"start":{"line":194,"column":15},"end":{"line":194,"column":24}},{"start":{"line":194,"column":28},"end":{"line":194,"column":30}}],"line":194},"27":{"loc":{"start":{"line":195,"column":15},"end":{"line":195,"column":30}},"type":"binary-expr","locations":[{"start":{"line":195,"column":15},"end":{"line":195,"column":24}},{"start":{"line":195,"column":28},"end":{"line":195,"column":30}}],"line":195},"28":{"loc":{"start":{"line":211,"column":2},"end":{"line":211,"column":63}},"type":"if","locations":[{"start":{"line":211,"column":2},"end":{"line":211,"column":63}},{"start":{},"end":{}}],"line":211},"29":{"loc":{"start":{"line":218,"column":2},"end":{"line":220,"column":3}},"type":"if","locations":[{"start":{"line":218,"column":2},"end":{"line":220,"column":3}},{"start":{},"end":{}}],"line":218}},"s":{"0":3,"1":0,"2":0,"3":0,"4":0,"5":0,"6":0,"7":0,"8":0,"9":0,"10":0,"11":0,"12":0,"13":0,"14":0,"15":0,"16":0,"17":0,"18":0,"19":0,"20":0,"21":0,"22":0,"23":0,"24":0,"25":0,"26":0,"27":0,"28":0,"29":0,"30":0,"31":0,"32":0,"33":0,"34":0,"35":0,"36":0,"37":0,"38":0,"39":0,"40":0,"41":0,"42":0,"43":0,"44":0,"45":0,"46":0,"47":3,"48":0,"49":0,"50":0,"51":0,"52":0,"53":0,"54":0,"55":3,"56":0,"57":0,"58":0,"59":0,"60":3,"61":0,"62":0,"63":0,"64":0,"65":0,"66":3,"67":0,"68":0,"69":0,"70":0,"71":0,"72":0},"f":{"0":0,"1":0,"2":0,"3":0,"4":0,"5":0,"6":0,"7":0,"8":0,"9":0,"10":0,"11":0,"12":0,"13":0,"14":0,"15":0,"16":0,"17":0,"18":0},"b":{"0":[0,0],"1":[0,0],"2":[0,0],"3":[0,0],"4":[0,0],"5":[0,0],"6":[0,0],"7":[0,0],"8":[0,0],"9":[0,0],"10":[0,0],"11":[0,0],"12":[0,0],"13":[0,0],"14":[0,0],"15":[0,0],"16":[0,0],"17":[0,0],"18":[0,0],"19":[0,0],"20":[0,0],"21":[0,0],"22":[0,0],"23":[0,0],"24":[0,0],"25":[0,0],"26":[0,0],"27":[0,0],"28":[0,0],"29":[0,0]},"_coverageSchema":"1a1c01bbd47fc00a2c39e90264f33305004495a9","hash":"54c0ed68b015f00630254623156d2975fb5ea7cb"}
,"E:\\New project\\al-internship-recommendation-engine\\backend\\controllers\\internshipController.ts": {"path":"E:\\New project\\al-internship-recommendation-engine\\backend\\controllers\\internshipController.ts","statementMap":{"0":{"start":{"line":11,"column":33},"end":{"line":23,"column":1}},"1":{"start":{"line":12,"column":2},"end":{"line":22,"column":3}},"2":{"start":{"line":13,"column":24},"end":{"line":13,"column":75}},"3":{"start":{"line":15,"column":4},"end":{"line":19,"column":7}},"4":{"start":{"line":21,"column":4},"end":{"line":21,"column":16}},"5":{"start":{"line":30,"column":29},"end":{"line":45,"column":1}},"6":{"start":{"line":31,"column":2},"end":{"line":44,"column":3}},"7":{"start":{"line":32,"column":23},"end":{"line":32,"column":63}},"8":{"start":{"line":34,"column":4},"end":{"line":36,"column":5}},"9":{"start":{"line":35,"column":6},"end":{"line":35,"column":54}},"10":{"start":{"line":38,"column":4},"end":{"line":41,"column":7}},"11":{"start":{"line":43,"column":4},"end":{"line":43,"column":16}},"12":{"start":{"line":53,"column":34},"end":{"line":81,"column":1}},"13":{"start":{"line":54,"column":2},"end":{"line":80,"column":3}},"14":{"start":{"line":55,"column":69},"end":{"line":55,"column":77}},"15":{"start":{"line":57,"column":18},"end":{"line":63,"column":6}},"16":{"start":{"line":65,"column":4},"end":{"line":69,"column":7}},"17":{"start":{"line":72,"column":4},"end":{"line":78,"column":5}},"18":{"start":{"line":73,"column":6},"end":{"line":76,"column":9}},"19":{"start":{"line":77,"column":6},"end":{"line":77,"column":13}},"20":{"start":{"line":79,"column":4},"end":{"line":79,"column":16}},"21":{"start":{"line":88,"column":39},"end":{"line":104,"column":1}},"22":{"start":{"line":89,"column":2},"end":{"line":103,"column":3}},"23":{"start":{"line":90,"column":18},"end":{"line":94,"column":26}},"24":{"start":{"line":96,"column":4},"end":{"line":100,"column":7}},"25":{"start":{"line":102,"column":4},"end":{"line":102,"column":16}},"26":{"start":{"line":111,"column":41},"end":{"line":126,"column":1}},"27":{"start":{"line":112,"column":2},"end":{"line":125,"column":3}},"28":{"start":{"line":113,"column":18},"end":{"line":113,"column":76}},"29":{"start":{"line":115,"column":4},"end":{"line":117,"column":5}},"30":{"start":{"line":116,"column":6},"end":{"line":116,"column":64}},"31":{"start":{"line":119,"column":4},"end":{"line":122,"column":7}},"32":{"start":{"line":124,"column":4},"end":{"line":124,"column":16}}},"fnMap":{"0":{"name":"(anonymous_0)","decl":{"start":{"line":11,"column":33},"end":{"line":11,"column":34}},"loc":{"start":{"line":11,"column":93},"end":{"line":23,"column":1}},"line":11},"1":{"name":"(anonymous_1)","decl":{"start":{"line":30,"column":29},"end":{"line":30,"column":30}},"loc":{"start":{"line":30,"column":88},"end":{"line":45,"column":1}},"line":30},"2":{"name":"(anonymous_2)","decl":{"start":{"line":53,"column":34},"end":{"line":53,"column":35}},"loc":{"start":{"line":53,"column":108},"end":{"line":81,"column":1}},"line":53},"3":{"name":"(anonymous_3)","decl":{"start":{"line":88,"column":39},"end":{"line":88,"column":40}},"loc":{"start":{"line":88,"column":98},"end":{"line":104,"column":1}},"line":88},"4":{"name":"(anonymous_4)","decl":{"start":{"line":111,"column":41},"end":{"line":111,"column":42}},"loc":{"start":{"line":111,"column":100},"end":{"line":126,"column":1}},"line":111}},"branchMap":{"0":{"loc":{"start":{"line":34,"column":4},"end":{"line":36,"column":5}},"type":"if","locations":[{"start":{"line":34,"column":4},"end":{"line":36,"column":5}},{"start":{},"end":{}}],"line":34},"1":{"loc":{"start":{"line":61,"column":17},"end":{"line":61,"column":32}},"type":"binary-expr","locations":[{"start":{"line":61,"column":17},"end":{"line":61,"column":26}},{"start":{"line":61,"column":30},"end":{"line":61,"column":32}}],"line":61},"2":{"loc":{"start":{"line":62,"column":17},"end":{"line":62,"column":32}},"type":"binary-expr","locations":[{"start":{"line":62,"column":17},"end":{"line":62,"column":26}},{"start":{"line":62,"column":30},"end":{"line":62,"column":32}}],"line":62},"3":{"loc":{"start":{"line":72,"column":4},"end":{"line":78,"column":5}},"type":"if","locations":[{"start":{"line":72,"column":4},"end":{"line":78,"column":5}},{"start":{},"end":{}}],"line":72},"4":{"loc":{"start":{"line":115,"column":4},"end":{"line":117,"column":5}},"type":"if","locations":[{"start":{"line":115,"column":4},"end":{"line":117,"column":5}},{"start":{},"end":{}}],"line":115}},"s":{"0":3,"1":0,"2":0,"3":0,"4":0,"5":3,"6":0,"7":0,"8":0,"9":0,"10":0,"11":0,"12":3,"13":0,"14":0,"15":0,"16":0,"17":0,"18":0,"19":0,"20":0,"21":3,"22":0,"23":0,"24":0,"25":0,"26":3,"27":0,"28":0,"29":0,"30":0,"31":0,"32":0},"f":{"0":0,"1":0,"2":0,"3":0,"4":0},"b":{"0":[0,0],"1":[0,0],"2":[0,0],"3":[0,0],"4":[0,0]},"_coverageSchema":"1a1c01bbd47fc00a2c39e90264f33305004495a9","hash":"ac2d89a2137ae094eb1b1d7d79b80310af1143d8"}
,"E:\\New project\\al-internship-recommendation-engine\\backend\\controllers\\profileController.ts": {"path":"E:\\New project\\al-internship-recommendation-engine\\backend\\controllers\\profileController.ts","statementMap":{"0":{"start":{"line":10,"column":29},"end":{"line":30,"column":1}},"1":{"start":{"line":11,"column":2},"end":{"line":29,"column":3}},"2":{"start":{"line":12,"column":80},"end":{"line":12,"column":88}},"3":{"start":{"line":14,"column":20},"end":{"line":20,"column":6}},"4":{"start":{"line":22,"column":4},"end":{"line":26,"column":7}},"5":{"start":{"line":28,"column":4},"end":{"line":28,"column":16}},"6":{"start":{"line":37,"column":26},"end":{"line":52,"column":1}},"7":{"start":{"line":38,"column":2},"end":{"line":51,"column":3}},"8":{"start":{"line":39,"column":20},"end":{"line":39,"column":57}},"9":{"start":{"line":41,"column":4},"end":{"line":43,"column":5}},"10":{"start":{"line":42,"column":6},"end":{"line":42,"column":51}},"11":{"start":{"line":45,"column":4},"end":{"line":48,"column":7}},"12":{"start":{"line":50,"column":4},"end":{"line":50,"column":16}},"13":{"start":{"line":59,"column":30},"end":{"line":71,"column":1}},"14":{"start":{"line":60,"column":2},"end":{"line":70,"column":3}},"15":{"start":{"line":61,"column":21},"end":{"line":61,"column":67}},"16":{"start":{"line":63,"column":4},"end":{"line":67,"column":7}},"17":{"start":{"line":69,"column":4},"end":{"line":69,"column":16}}},"fnMap":{"0":{"name":"(anonymous_0)","decl":{"start":{"line":10,"column":29},"end":{"line":10,"column":30}},"loc":{"start":{"line":10,"column":88},"end":{"line":30,"column":1}},"line":10},"1":{"name":"(anonymous_1)","decl":{"start":{"line":37,"column":26},"end":{"line":37,"column":27}},"loc":{"start":{"line":37,"column":85},"end":{"line":52,"column":1}},"line":37},"2":{"name":"(anonymous_2)","decl":{"start":{"line":59,"column":30},"end":{"line":59,"column":31}},"loc":{"start":{"line":59,"column":90},"end":{"line":71,"column":1}},"line":59}},"branchMap":{"0":{"loc":{"start":{"line":16,"column":17},"end":{"line":16,"column":32}},"type":"binary-expr","locations":[{"start":{"line":16,"column":17},"end":{"line":16,"column":26}},{"start":{"line":16,"column":30},"end":{"line":16,"column":32}}],"line":16},"1":{"loc":{"start":{"line":17,"column":24},"end":{"line":17,"column":49}},"type":"binary-expr","locations":[{"start":{"line":17,"column":24},"end":{"line":17,"column":40}},{"start":{"line":17,"column":44},"end":{"line":17,"column":49}}],"line":17},"2":{"loc":{"start":{"line":19,"column":16},"end":{"line":19,"column":30}},"type":"binary-expr","locations":[{"start":{"line":19,"column":16},"end":{"line":19,"column":24}},{"start":{"line":19,"column":28},"end":{"line":19,"column":30}}],"line":19},"3":{"loc":{"start":{"line":41,"column":4},"end":{"line":43,"column":5}},"type":"if","locations":[{"start":{"line":41,"column":4},"end":{"line":43,"column":5}},{"start":{},"end":{}}],"line":41}},"s":{"0":3,"1":0,"2":0,"3":0,"4":0,"5":0,"6":3,"7":0,"8":0,"9":0,"10":0,"11":0,"12":0,"13":3,"14":0,"15":0,"16":0,"17":0},"f":{"0":0,"1":0,"2":0},"b":{"0":[0,0],"1":[0,0],"2":[0,0],"3":[0,0]},"_coverageSchema":"1a1c01bbd47fc00a2c39e90264f33305004495a9","hash":"3f36c4714a2ff92860b1a06b23303796b76453ef"}
,"E:\\New project\\al-internship-recommendation-engine\\backend\\controllers\\recommendationController.ts": {"path":"E:\\New project\\al-internship-recommendation-engine\\backend\\controllers\\recommendationController.ts","statementMap":{"0":{"start":{"line":16,"column":25},"end":{"line":71,"column":2}},"1":{"start":{"line":17,"column":78},"end":{"line":17,"column":86}},"2":{"start":{"line":19,"column":22},"end":{"line":25,"column":3}},"3":{"start":{"line":28,"column":18},"end":{"line":28,"column":51}},"4":{"start":{"line":31,"column":26},"end":{"line":31,"column":63}},"5":{"start":{"line":34,"column":29},"end":{"line":34,"column":44}},"6":{"start":{"line":35,"column":15},"end":{"line":35,"column":20}},"7":{"start":{"line":37,"column":2},"end":{"line":46,"column":3}},"8":{"start":{"line":38,"column":23},"end":{"line":38,"column":72}},"9":{"start":{"line":39,"column":4},"end":{"line":45,"column":5}},"10":{"start":{"line":40,"column":6},"end":{"line":40,"column":47}},"11":{"start":{"line":41,"column":6},"end":{"line":41,"column":20}},"12":{"start":{"line":42,"column":6},"end":{"line":42,"column":61}},"13":{"start":{"line":44,"column":6},"end":{"line":44,"column":90}},"14":{"start":{"line":49,"column":2},"end":{"line":62,"column":3}},"15":{"start":{"line":50,"column":4},"end":{"line":61,"column":7}},"16":{"start":{"line":53,"column":74},"end":{"line":59,"column":7}},"17":{"start":{"line":64,"column":2},"end":{"line":70,"column":5}},"18":{"start":{"line":78,"column":36},"end":{"line":98,"column":2}},"19":{"start":{"line":79,"column":18},"end":{"line":79,"column":55}},"20":{"start":{"line":81,"column":2},"end":{"line":83,"column":3}},"21":{"start":{"line":82,"column":4},"end":{"line":82,"column":49}},"22":{"start":{"line":85,"column":26},"end":{"line":90,"column":4}},"23":{"start":{"line":92,"column":2},"end":{"line":97,"column":5}}},"fnMap":{"0":{"name":"(anonymous_0)","decl":{"start":{"line":16,"column":38},"end":{"line":16,"column":39}},"loc":{"start":{"line":16,"column":77},"end":{"line":71,"column":1}},"line":16},"1":{"name":"(anonymous_1)","decl":{"start":{"line":53,"column":61},"end":{"line":53,"column":62}},"loc":{"start":{"line":53,"column":74},"end":{"line":59,"column":7}},"line":53},"2":{"name":"(anonymous_2)","decl":{"start":{"line":78,"column":49},"end":{"line":78,"column":50}},"loc":{"start":{"line":78,"column":88},"end":{"line":98,"column":1}},"line":78}},"branchMap":{"0":{"loc":{"start":{"line":21,"column":15},"end":{"line":21,"column":30}},"type":"binary-expr","locations":[{"start":{"line":21,"column":15},"end":{"line":21,"column":24}},{"start":{"line":21,"column":28},"end":{"line":21,"column":30}}],"line":21},"1":{"loc":{"start":{"line":22,"column":22},"end":{"line":22,"column":47}},"type":"binary-expr","locations":[{"start":{"line":22,"column":22},"end":{"line":22,"column":38}},{"start":{"line":22,"column":42},"end":{"line":22,"column":47}}],"line":22},"2":{"loc":{"start":{"line":24,"column":14},"end":{"line":24,"column":28}},"type":"binary-expr","locations":[{"start":{"line":24,"column":14},"end":{"line":24,"column":22}},{"start":{"line":24,"column":26},"end":{"line":24,"column":28}}],"line":24},"3":{"loc":{"start":{"line":37,"column":2},"end":{"line":46,"column":3}},"type":"if","locations":[{"start":{"line":37,"column":2},"end":{"line":46,"column":3}},{"start":{},"end":{}}],"line":37},"4":{"loc":{"start":{"line":39,"column":4},"end":{"line":45,"column":5}},"type":"if","locations":[{"start":{"line":39,"column":4},"end":{"line":45,"column":5}},{"start":{"line":43,"column":11},"end":{"line":45,"column":5}}],"line":39},"5":{"loc":{"start":{"line":39,"column":8},"end":{"line":39,"column":43}},"type":"binary-expr","locations":[{"start":{"line":39,"column":8},"end":{"line":39,"column":18}},{"start":{"line":39,"column":22},"end":{"line":39,"column":43}}],"line":39},"6":{"loc":{"start":{"line":49,"column":2},"end":{"line":62,"column":3}},"type":"if","locations":[{"start":{"line":49,"column":2},"end":{"line":62,"column":3}},{"start":{},"end":{}}],"line":49},"7":{"loc":{"start":{"line":58,"column":19},"end":{"line":58,"column":36}},"type":"binary-expr","locations":[{"start":{"line":58,"column":19},"end":{"line":58,"column":30}},{"start":{"line":58,"column":34},"end":{"line":58,"column":36}}],"line":58},"8":{"loc":{"start":{"line":60,"column":14},"end":{"line":60,"column":46}},"type":"cond-expr","locations":[{"start":{"line":60,"column":23},"end":{"line":60,"column":34}},{"start":{"line":60,"column":37},"end":{"line":60,"column":46}}],"line":60},"9":{"loc":{"start":{"line":81,"column":2},"end":{"line":83,"column":3}},"type":"if","locations":[{"start":{"line":81,"column":2},"end":{"line":83,"column":3}},{"start":{},"end":{}}],"line":81}},"s":{"0":3,"1":1,"2":1,"3":1,"4":1,"5":1,"6":1,"7":1,"8":0,"9":0,"10":0,"11":0,"12":0,"13":0,"14":1,"15":0,"16":0,"17":1,"18":3,"19":0,"20":0,"21":0,"22":0,"23":0},"f":{"0":1,"1":0,"2":0},"b":{"0":[1,0],"1":[1,0],"2":[1,0],"3":[0,1],"4":[0,0],"5":[0,0],"6":[0,1],"7":[0,0],"8":[0,0],"9":[0,0]},"_coverageSchema":"1a1c01bbd47fc00a2c39e90264f33305004495a9","hash":"59176149b491c40fc3204c13ec1d719db9c326f4"}
,"E:\\New project\\al-internship-recommendation-engine\\backend\\controllers\\resumeController.ts": {"path":"E:\\New project\\al-internship-recommendation-engine\\backend\\controllers\\resumeController.ts","statementMap":{"0":{"start":{"line":14,"column":15},"end":{"line":24,"column":19}},"1":{"start":{"line":18,"column":4},"end":{"line":22,"column":5}},"2":{"start":{"line":19,"column":6},"end":{"line":19,"column":21}},"3":{"start":{"line":21,"column":6},"end":{"line":21,"column":74}},"4":{"start":{"line":31,"column":28},"end":{"line":121,"column":2}},"5":{"start":{"line":33,"column":2},"end":{"line":44,"column":5}},"6":{"start":{"line":34,"column":4},"end":{"line":43,"column":7}},"7":{"start":{"line":35,"column":6},"end":{"line":40,"column":7}},"8":{"start":{"line":36,"column":8},"end":{"line":38,"column":9}},"9":{"start":{"line":37,"column":10},"end":{"line":37,"column":77}},"10":{"start":{"line":39,"column":8},"end":{"line":39,"column":56}},"11":{"start":{"line":41,"column":6},"end":{"line":41,"column":34}},"12":{"start":{"line":41,"column":15},"end":{"line":41,"column":34}},"13":{"start":{"line":42,"column":6},"end":{"line":42,"column":16}},"14":{"start":{"line":46,"column":2},"end":{"line":48,"column":3}},"15":{"start":{"line":47,"column":4},"end":{"line":47,"column":61}},"16":{"start":{"line":52,"column":2},"end":{"line":56,"column":3}},"17":{"start":{"line":53,"column":4},"end":{"line":53,"column":46}},"18":{"start":{"line":55,"column":4},"end":{"line":55,"column":96}},"19":{"start":{"line":58,"column":21},"end":{"line":58,"column":33}},"20":{"start":{"line":59,"column":2},"end":{"line":61,"column":3}},"21":{"start":{"line":60,"column":4},"end":{"line":60,"column":106}},"22":{"start":{"line":64,"column":27},"end":{"line":64,"column":63}},"23":{"start":{"line":67,"column":2},"end":{"line":81,"column":3}},"24":{"start":{"line":68,"column":4},"end":{"line":71,"column":7}},"25":{"start":{"line":73,"column":4},"end":{"line":80,"column":5}},"26":{"start":{"line":74,"column":6},"end":{"line":79,"column":9}},"27":{"start":{"line":84,"column":26},"end":{"line":89,"column":4}},"28":{"start":{"line":92,"column":2},"end":{"line":105,"column":3}},"29":{"start":{"line":93,"column":4},"end":{"line":104,"column":7}},"30":{"start":{"line":96,"column":69},"end":{"line":102,"column":7}},"31":{"start":{"line":107,"column":2},"end":{"line":111,"column":5}},"32":{"start":{"line":113,"column":2},"end":{"line":120,"column":5}},"33":{"start":{"line":128,"column":2},"end":{"line":139,"column":5}},"34":{"start":{"line":129,"column":4},"end":{"line":138,"column":7}},"35":{"start":{"line":130,"column":6},"end":{"line":135,"column":7}},"36":{"start":{"line":131,"column":8},"end":{"line":133,"column":9}},"37":{"start":{"line":132,"column":10},"end":{"line":132,"column":77}},"38":{"start":{"line":134,"column":8},"end":{"line":134,"column":56}},"39":{"start":{"line":136,"column":6},"end":{"line":136,"column":34}},"40":{"start":{"line":136,"column":15},"end":{"line":136,"column":34}},"41":{"start":{"line":137,"column":6},"end":{"line":137,"column":16}},"42":{"start":{"line":141,"column":2},"end":{"line":143,"column":3}},"43":{"start":{"line":142,"column":4},"end":{"line":142,"column":61}},"44":{"start":{"line":146,"column":2},"end":{"line":152,"column":3}},"45":{"start":{"line":147,"column":4},"end":{"line":147,"column":46}},"46":{"start":{"line":149,"column":4},"end":{"line":151,"column":6}},"47":{"start":{"line":154,"column":21},"end":{"line":154,"column":33}},"48":{"start":{"line":155,"column":2},"end":{"line":159,"column":3}},"49":{"start":{"line":156,"column":4},"end":{"line":158,"column":6}},"50":{"start":{"line":161,"column":2},"end":{"line":161,"column":57}},"51":{"start":{"line":169,"column":35},"end":{"line":232,"column":2}},"52":{"start":{"line":170,"column":35},"end":{"line":170,"column":70}},"53":{"start":{"line":173,"column":41},"end":{"line":173,"column":80}},"54":{"start":{"line":176,"column":2},"end":{"line":190,"column":3}},"55":{"start":{"line":177,"column":4},"end":{"line":180,"column":7}},"56":{"start":{"line":182,"column":4},"end":{"line":189,"column":5}},"57":{"start":{"line":183,"column":6},"end":{"line":188,"column":9}},"58":{"start":{"line":193,"column":26},"end":{"line":198,"column":4}},"59":{"start":{"line":201,"column":2},"end":{"line":214,"column":3}},"60":{"start":{"line":202,"column":4},"end":{"line":213,"column":7}},"61":{"start":{"line":205,"column":69},"end":{"line":211,"column":7}},"62":{"start":{"line":216,"column":2},"end":{"line":221,"column":5}},"63":{"start":{"line":223,"column":2},"end":{"line":231,"column":5}}},"fnMap":{"0":{"name":"(anonymous_0)","decl":{"start":{"line":17,"column":14},"end":{"line":17,"column":15}},"loc":{"start":{"line":17,"column":34},"end":{"line":23,"column":3}},"line":17},"1":{"name":"(anonymous_1)","decl":{"start":{"line":31,"column":41},"end":{"line":31,"column":42}},"loc":{"start":{"line":31,"column":80},"end":{"line":121,"column":1}},"line":31},"2":{"name":"(anonymous_2)","decl":{"start":{"line":33,"column":26},"end":{"line":33,"column":27}},"loc":{"start":{"line":33,"column":47},"end":{"line":44,"column":3}},"line":33},"3":{"name":"(anonymous_3)","decl":{"start":{"line":34,"column":21},"end":{"line":34,"column":22}},"loc":{"start":{"line":34,"column":30},"end":{"line":43,"column":5}},"line":34},"4":{"name":"(anonymous_4)","decl":{"start":{"line":96,"column":56},"end":{"line":96,"column":57}},"loc":{"start":{"line":96,"column":69},"end":{"line":102,"column":7}},"line":96},"5":{"name":"parsePdfFromRequest","decl":{"start":{"line":127,"column":15},"end":{"line":127,"column":34}},"loc":{"start":{"line":127,"column":64},"end":{"line":162,"column":1}},"line":127},"6":{"name":"(anonymous_6)","decl":{"start":{"line":128,"column":26},"end":{"line":128,"column":27}},"loc":{"start":{"line":128,"column":47},"end":{"line":139,"column":3}},"line":128},"7":{"name":"(anonymous_7)","decl":{"start":{"line":129,"column":21},"end":{"line":129,"column":22}},"loc":{"start":{"line":129,"column":30},"end":{"line":138,"column":5}},"line":129},"8":{"name":"(anonymous_8)","decl":{"start":{"line":169,"column":48},"end":{"line":169,"column":49}},"loc":{"start":{"line":169,"column":87},"end":{"line":232,"column":1}},"line":169},"9":{"name":"(anonymous_9)","decl":{"start":{"line":205,"column":56},"end":{"line":205,"column":57}},"loc":{"start":{"line":205,"column":69},"end":{"line":211,"column":7}},"line":205}},"branchMap":{"0":{"loc":{"start":{"line":18,"column":4},"end":{"line":22,"column":5}},"type":"if","locations":[{"start":{"line":18,"column":4},"end":{"line":22,"column":5}},{"start":{"line":20,"column":11},"end":{"line":22,"column":5}}],"line":18},"1":{"loc":{"start":{"line":35,"column":6},"end":{"line":40,"column":7}},"type":"if","locations":[{"start":{"line":35,"column":6},"end":{"line":40,"column":7}},{"start":{},"end":{}}],"line":35},"2":{"loc":{"start":{"line":36,"column":8},"end":{"line":38,"column":9}},"type":"if","locations":[{"start":{"line":36,"column":8},"end":{"line":38,"column":9}},{"start":{},"end":{}}],"line":36},"3":{"loc":{"start":{"line":41,"column":6},"end":{"line":41,"column":34}},"type":"if","locations":[{"start":{"line":41,"column":6},"end":{"line":41,"column":34}},{"start":{},"end":{}}],"line":41},"4":{"loc":{"start":{"line":46,"column":2},"end":{"line":48,"column":3}},"type":"if","locations":[{"start":{"line":46,"column":2},"end":{"line":48,"column":3}},{"start":{},"end":{}}],"line":46},"5":{"loc":{"start":{"line":59,"column":2},"end":{"line":61,"column":3}},"type":"if","locations":[{"start":{"line":59,"column":2},"end":{"line":61,"column":3}},{"start":{},"end":{}}],"line":59},"6":{"loc":{"start":{"line":59,"column":6},"end":{"line":59,"column":50}},"type":"binary-expr","locations":[{"start":{"line":59,"column":6},"end":{"line":59,"column":17}},{"start":{"line":59,"column":21},"end":{"line":59,"column":50}}],"line":59},"7":{"loc":{"start":{"line":67,"column":2},"end":{"line":81,"column":3}},"type":"if","locations":[{"start":{"line":67,"column":2},"end":{"line":81,"column":3}},{"start":{},"end":{}}],"line":67},"8":{"loc":{"start":{"line":73,"column":4},"end":{"line":80,"column":5}},"type":"if","locations":[{"start":{"line":73,"column":4},"end":{"line":80,"column":5}},{"start":{},"end":{}}],"line":73},"9":{"loc":{"start":{"line":92,"column":2},"end":{"line":105,"column":3}},"type":"if","locations":[{"start":{"line":92,"column":2},"end":{"line":105,"column":3}},{"start":{},"end":{}}],"line":92},"10":{"loc":{"start":{"line":101,"column":19},"end":{"line":101,"column":36}},"type":"binary-expr","locations":[{"start":{"line":101,"column":19},"end":{"line":101,"column":30}},{"start":{"line":101,"column":34},"end":{"line":101,"column":36}}],"line":101},"11":{"loc":{"start":{"line":130,"column":6},"end":{"line":135,"column":7}},"type":"if","locations":[{"start":{"line":130,"column":6},"end":{"line":135,"column":7}},{"start":{},"end":{}}],"line":130},"12":{"loc":{"start":{"line":131,"column":8},"end":{"line":133,"column":9}},"type":"if","locations":[{"start":{"line":131,"column":8},"end":{"line":133,"column":9}},{"start":{},"end":{}}],"line":131},"13":{"loc":{"start":{"line":136,"column":6},"end":{"line":136,"column":34}},"type":"if","locations":[{"start":{"line":136,"column":6},"end":{"line":136,"column":34}},{"start":{},"end":{}}],"line":136},"14":{"loc":{"start":{"line":141,"column":2},"end":{"line":143,"column":3}},"type":"if","locations":[{"start":{"line":141,"column":2},"end":{"line":143,"column":3}},{"start":{},"end":{}}],"line":141},"15":{"loc":{"start":{"line":155,"column":2},"end":{"line":159,"column":3}},"type":"if","locations":[{"start":{"line":155,"column":2},"end":{"line":159,"column":3}},{"start":{},"end":{}}],"line":155},"16":{"loc":{"start":{"line":155,"column":6},"end":{"line":155,"column":50}},"type":"binary-expr","locations":[{"start":{"line":155,"column":6},"end":{"line":155,"column":17}},{"start":{"line":155,"column":21},"end":{"line":155,"column":50}}],"line":155},"17":{"loc":{"start":{"line":176,"column":2},"end":{"line":190,"column":3}},"type":"if","locations":[{"start":{"line":176,"column":2},"end":{"line":190,"column":3}},{"start":{},"end":{}}],"line":176},"18":{"loc":{"start":{"line":182,"column":4},"end":{"line":189,"column":5}},"type":"if","locations":[{"start":{"line":182,"column":4},"end":{"line":189,"column":5}},{"start":{},"end":{}}],"line":182},"19":{"loc":{"start":{"line":201,"column":2},"end":{"line":214,"column":3}},"type":"if","locations":[{"start":{"line":201,"column":2},"end":{"line":214,"column":3}},{"start":{},"end":{}}],"line":201},"20":{"loc":{"start":{"line":210,"column":19},"end":{"line":210,"column":36}},"type":"binary-expr","locations":[{"start":{"line":210,"column":19},"end":{"line":210,"column":30}},{"start":{"line":210,"column":34},"end":{"line":210,"column":36}}],"line":210}},"s":{"0":3,"1":1,"2":1,"3":0,"4":3,"5":1,"6":1,"7":1,"8":0,"9":0,"10":0,"11":1,"12":0,"13":1,"14":1,"15":0,"16":1,"17":1,"18":0,"19":1,"20":1,"21":0,"22":1,"23":1,"24":1,"25":1,"26":1,"27":1,"28":1,"29":1,"30":1,"31":1,"32":1,"33":0,"34":0,"35":0,"36":0,"37":0,"38":0,"39":0,"40":0,"41":0,"42":0,"43":0,"44":0,"45":0,"46":0,"47":0,"48":0,"49":0,"50":0,"51":3,"52":0,"53":0,"54":0,"55":0,"56":0,"57":0,"58":0,"59":0,"60":0,"61":0,"62":0,"63":0},"f":{"0":1,"1":1,"2":1,"3":1,"4":1,"5":0,"6":0,"7":0,"8":0,"9":0},"b":{"0":[1,0],"1":[0,1],"2":[0,0],"3":[0,1],"4":[0,1],"5":[0,1],"6":[1,1],"7":[1,0],"8":[1,0],"9":[1,0],"10":[1,0],"11":[0,0],"12":[0,0],"13":[0,0],"14":[0,0],"15":[0,0],"16":[0,0],"17":[0,0],"18":[0,0],"19":[0,0],"20":[0,0]},"_coverageSchema":"1a1c01bbd47fc00a2c39e90264f33305004495a9","hash":"cde8293a8c2e81129007ac88a9f7586e4876dc2b"}
,"E:\\New project\\al-internship-recommendation-engine\\backend\\controllers\\skillGapController.ts": {"path":"E:\\New project\\al-internship-recommendation-engine\\backend\\controllers\\skillGapController.ts","statementMap":{"0":{"start":{"line":12,"column":35},"end":{"line":42,"column":2}},"1":{"start":{"line":13,"column":68},"end":{"line":13,"column":76}},"2":{"start":{"line":15,"column":2},"end":{"line":17,"column":3}},"3":{"start":{"line":16,"column":4},"end":{"line":16,"column":78}},"4":{"start":{"line":19,"column":19},"end":{"line":24,"column":4}},"5":{"start":{"line":27,"column":2},"end":{"line":36,"column":3}},"6":{"start":{"line":28,"column":26},"end":{"line":30,"column":30}},"7":{"start":{"line":32,"column":4},"end":{"line":35,"column":5}},"8":{"start":{"line":33,"column":6},"end":{"line":33,"column":67}},"9":{"start":{"line":34,"column":6},"end":{"line":34,"column":33}},"10":{"start":{"line":38,"column":2},"end":{"line":41,"column":5}}},"fnMap":{"0":{"name":"(anonymous_0)","decl":{"start":{"line":12,"column":48},"end":{"line":12,"column":49}},"loc":{"start":{"line":12,"column":87},"end":{"line":42,"column":1}},"line":12}},"branchMap":{"0":{"loc":{"start":{"line":15,"column":2},"end":{"line":17,"column":3}},"type":"if","locations":[{"start":{"line":15,"column":2},"end":{"line":17,"column":3}},{"start":{},"end":{}}],"line":15},"1":{"loc":{"start":{"line":15,"column":6},"end":{"line":15,"column":36}},"type":"binary-expr","locations":[{"start":{"line":15,"column":6},"end":{"line":15,"column":13}},{"start":{"line":15,"column":17},"end":{"line":15,"column":36}}],"line":15},"2":{"loc":{"start":{"line":21,"column":15},"end":{"line":21,"column":30}},"type":"binary-expr","locations":[{"start":{"line":21,"column":15},"end":{"line":21,"column":24}},{"start":{"line":21,"column":28},"end":{"line":21,"column":30}}],"line":21},"3":{"loc":{"start":{"line":22,"column":22},"end":{"line":22,"column":52}},"type":"binary-expr","locations":[{"start":{"line":22,"column":22},"end":{"line":22,"column":38}},{"start":{"line":22,"column":42},"end":{"line":22,"column":52}}],"line":22},"4":{"loc":{"start":{"line":23,"column":22},"end":{"line":23,"column":47}},"type":"binary-expr","locations":[{"start":{"line":23,"column":22},"end":{"line":23,"column":38}},{"start":{"line":23,"column":42},"end":{"line":23,"column":47}}],"line":23},"5":{"loc":{"start":{"line":27,"column":2},"end":{"line":36,"column":3}},"type":"if","locations":[{"start":{"line":27,"column":2},"end":{"line":36,"column":3}},{"start":{},"end":{}}],"line":27},"6":{"loc":{"start":{"line":32,"column":4},"end":{"line":35,"column":5}},"type":"if","locations":[{"start":{"line":32,"column":4},"end":{"line":35,"column":5}},{"start":{},"end":{}}],"line":32},"7":{"loc":{"start":{"line":33,"column":32},"end":{"line":33,"column":66}},"type":"binary-expr","locations":[{"start":{"line":33,"column":32},"end":{"line":33,"column":60}},{"start":{"line":33,"column":64},"end":{"line":33,"column":66}}],"line":33}},"s":{"0":3,"1":0,"2":0,"3":0,"4":0,"5":0,"6":0,"7":0,"8":0,"9":0,"10":0},"f":{"0":0},"b":{"0":[0,0],"1":[0,0],"2":[0,0],"3":[0,0],"4":[0,0],"5":[0,0],"6":[0,0],"7":[0,0]},"_coverageSchema":"1a1c01bbd47fc00a2c39e90264f33305004495a9","hash":"726797b5e5d72dc9164819c47670c66af7472481"}
,"E:\\New project\\al-internship-recommendation-engine\\backend\\middleware\\asyncHandler.ts": {"path":"E:\\New project\\al-internship-recommendation-engine\\backend\\middleware\\asyncHandler.ts","statementMap":{"0":{"start":{"line":7,"column":21},"end":{"line":9,"column":51}},"1":{"start":{"line":8,"column":2},"end":{"line":9,"column":51}},"2":{"start":{"line":9,"column":4},"end":{"line":9,"column":51}}},"fnMap":{"0":{"name":"(anonymous_0)","decl":{"start":{"line":7,"column":21},"end":{"line":7,"column":22}},"loc":{"start":{"line":8,"column":2},"end":{"line":9,"column":51}},"line":8},"1":{"name":"(anonymous_1)","decl":{"start":{"line":8,"column":2},"end":{"line":8,"column":3}},"loc":{"start":{"line":9,"column":4},"end":{"line":9,"column":51}},"line":9}},"branchMap":{},"s":{"0":3,"1":42,"2":11},"f":{"0":42,"1":11},"b":{},"_coverageSchema":"1a1c01bbd47fc00a2c39e90264f33305004495a9","hash":"350ba77a7249edd2d848c8fded9cdd676c96b3d0"}
,"E:\\New project\\al-internship-recommendation-engine\\backend\\middleware\\auth.ts": {"path":"E:\\New project\\al-internship-recommendation-engine\\backend\\middleware\\auth.ts","statementMap":{"0":{"start":{"line":6,"column":19},"end":{"line":6,"column":41}},"1":{"start":{"line":8,"column":0},"end":{"line":10,"column":1}},"2":{"start":{"line":9,"column":2},"end":{"line":9,"column":79}},"3":{"start":{"line":20,"column":23},"end":{"line":54,"column":1}},"4":{"start":{"line":21,"column":2},"end":{"line":53,"column":3}},"5":{"start":{"line":25,"column":23},"end":{"line":25,"column":48}},"6":{"start":{"line":26,"column":4},"end":{"line":28,"column":5}},"7":{"start":{"line":27,"column":6},"end":{"line":27,"column":39}},"8":{"start":{"line":30,"column":4},"end":{"line":32,"column":5}},"9":{"start":{"line":31,"column":6},"end":{"line":31,"column":71}},"10":{"start":{"line":35,"column":20},"end":{"line":35,"column":89}},"11":{"start":{"line":38,"column":17},"end":{"line":38,"column":68}},"12":{"start":{"line":39,"column":4},"end":{"line":41,"column":5}},"13":{"start":{"line":40,"column":6},"end":{"line":40,"column":60}},"14":{"start":{"line":43,"column":4},"end":{"line":43,"column":29}},"15":{"start":{"line":44,"column":4},"end":{"line":44,"column":11}},"16":{"start":{"line":46,"column":4},"end":{"line":48,"column":5}},"17":{"start":{"line":47,"column":6},"end":{"line":47,"column":59}},"18":{"start":{"line":49,"column":4},"end":{"line":51,"column":5}},"19":{"start":{"line":50,"column":6},"end":{"line":50,"column":80}},"20":{"start":{"line":52,"column":4},"end":{"line":52,"column":16}},"21":{"start":{"line":60,"column":28},"end":{"line":72,"column":1}},"22":{"start":{"line":61,"column":2},"end":{"line":70,"column":3}},"23":{"start":{"line":62,"column":23},"end":{"line":62,"column":48}},"24":{"start":{"line":63,"column":4},"end":{"line":67,"column":5}},"25":{"start":{"line":64,"column":20},"end":{"line":64,"column":44}},"26":{"start":{"line":65,"column":22},"end":{"line":65,"column":91}},"27":{"start":{"line":66,"column":6},"end":{"line":66,"column":80}},"28":{"start":{"line":71,"column":2},"end":{"line":71,"column":9}},"29":{"start":{"line":78,"column":25},"end":{"line":85,"column":1}},"30":{"start":{"line":79,"column":2},"end":{"line":84,"column":4}},"31":{"start":{"line":80,"column":4},"end":{"line":82,"column":5}},"32":{"start":{"line":81,"column":6},"end":{"line":81,"column":92}},"33":{"start":{"line":83,"column":4},"end":{"line":83,"column":11}},"34":{"start":{"line":90,"column":29},"end":{"line":94,"column":1}},"35":{"start":{"line":91,"column":2},"end":{"line":93,"column":5}}},"fnMap":{"0":{"name":"(anonymous_0)","decl":{"start":{"line":20,"column":23},"end":{"line":20,"column":24}},"loc":{"start":{"line":20,"column":83},"end":{"line":54,"column":1}},"line":20},"1":{"name":"(anonymous_1)","decl":{"start":{"line":60,"column":28},"end":{"line":60,"column":29}},"loc":{"start":{"line":60,"column":88},"end":{"line":72,"column":1}},"line":60},"2":{"name":"(anonymous_2)","decl":{"start":{"line":78,"column":25},"end":{"line":78,"column":26}},"loc":{"start":{"line":78,"column":49},"end":{"line":85,"column":1}},"line":78},"3":{"name":"(anonymous_3)","decl":{"start":{"line":79,"column":9},"end":{"line":79,"column":10}},"loc":{"start":{"line":79,"column":63},"end":{"line":84,"column":3}},"line":79},"4":{"name":"(anonymous_4)","decl":{"start":{"line":90,"column":29},"end":{"line":90,"column":30}},"loc":{"start":{"line":90,"column":57},"end":{"line":94,"column":1}},"line":90}},"branchMap":{"0":{"loc":{"start":{"line":8,"column":0},"end":{"line":10,"column":1}},"type":"if","locations":[{"start":{"line":8,"column":0},"end":{"line":10,"column":1}},{"start":{},"end":{}}],"line":8},"1":{"loc":{"start":{"line":8,"column":4},"end":{"line":8,"column":56}},"type":"binary-expr","locations":[{"start":{"line":8,"column":4},"end":{"line":8,"column":15}},{"start":{"line":8,"column":19},"end":{"line":8,"column":56}}],"line":8},"2":{"loc":{"start":{"line":26,"column":4},"end":{"line":28,"column":5}},"type":"if","locations":[{"start":{"line":26,"column":4},"end":{"line":28,"column":5}},{"start":{},"end":{}}],"line":26},"3":{"loc":{"start":{"line":26,"column":8},"end":{"line":26,"column":54}},"type":"binary-expr","locations":[{"start":{"line":26,"column":8},"end":{"line":26,"column":18}},{"start":{"line":26,"column":22},"end":{"line":26,"column":54}}],"line":26},"4":{"loc":{"start":{"line":30,"column":4},"end":{"line":32,"column":5}},"type":"if","locations":[{"start":{"line":30,"column":4},"end":{"line":32,"column":5}},{"start":{},"end":{}}],"line":30},"5":{"loc":{"start":{"line":35,"column":38},"end":{"line":35,"column":74}},"type":"binary-expr","locations":[{"start":{"line":35,"column":38},"end":{"line":35,"column":48}},{"start":{"line":35,"column":52},"end":{"line":35,"column":74}}],"line":35},"6":{"loc":{"start":{"line":39,"column":4},"end":{"line":41,"column":5}},"type":"if","locations":[{"start":{"line":39,"column":4},"end":{"line":41,"column":5}},{"start":{},"end":{}}],"line":39},"7":{"loc":{"start":{"line":46,"column":4},"end":{"line":48,"column":5}},"type":"if","locations":[{"start":{"line":46,"column":4},"end":{"line":48,"column":5}},{"start":{},"end":{}}],"line":46},"8":{"loc":{"start":{"line":49,"column":4},"end":{"line":51,"column":5}},"type":"if","locations":[{"start":{"line":49,"column":4},"end":{"line":51,"column":5}},{"start":{},"end":{}}],"line":49},"9":{"loc":{"start":{"line":63,"column":4},"end":{"line":67,"column":5}},"type":"if","locations":[{"start":{"line":63,"column":4},"end":{"line":67,"column":5}},{"start":{},"end":{}}],"line":63},"10":{"loc":{"start":{"line":63,"column":8},"end":{"line":63,"column":54}},"type":"binary-expr","locations":[{"start":{"line":63,"column":8},"end":{"line":63,"column":18}},{"start":{"line":63,"column":22},"end":{"line":63,"column":54}}],"line":63},"11":{"loc":{"start":{"line":65,"column":40},"end":{"line":65,"column":76}},"type":"binary-expr","locations":[{"start":{"line":65,"column":40},"end":{"line":65,"column":50}},{"start":{"line":65,"column":54},"end":{"line":65,"column":76}}],"line":65},"12":{"loc":{"start":{"line":80,"column":4},"end":{"line":82,"column":5}},"type":"if","locations":[{"start":{"line":80,"column":4},"end":{"line":82,"column":5}},{"start":{},"end":{}}],"line":80},"13":{"loc":{"start":{"line":80,"column":8},"end":{"line":80,"column":51}},"type":"binary-expr","locations":[{"start":{"line":80,"column":8},"end":{"line":80,"column":17}},{"start":{"line":80,"column":21},"end":{"line":80,"column":51}}],"line":80},"14":{"loc":{"start":{"line":91,"column":35},"end":{"line":91,"column":71}},"type":"binary-expr","locations":[{"start":{"line":91,"column":35},"end":{"line":91,"column":45}},{"start":{"line":91,"column":49},"end":{"line":91,"column":71}}],"line":91},"15":{"loc":{"start":{"line":92,"column":16},"end":{"line":92,"column":50}},"type":"binary-expr","locations":[{"start":{"line":92,"column":16},"end":{"line":92,"column":42}},{"start":{"line":92,"column":46},"end":{"line":92,"column":50}}],"line":92}},"s":{"0":3,"1":3,"2":0,"3":3,"4":2,"5":2,"6":2,"7":1,"8":2,"9":1,"10":1,"11":1,"12":1,"13":0,"14":1,"15":1,"16":1,"17":0,"18":1,"19":0,"20":1,"21":3,"22":1,"23":1,"24":1,"25":0,"26":0,"27":0,"28":1,"29":3,"30":0,"31":0,"32":0,"33":0,"34":3,"35":8},"f":{"0":2,"1":1,"2":0,"3":0,"4":8},"b":{"0":[0,3],"1":[3,3],"2":[1,1],"3":[2,1],"4":[1,1],"5":[1,1],"6":[0,1],"7":[0,1],"8":[0,1],"9":[0,1],"10":[1,0],"11":[0,0],"12":[0,0],"13":[0,0],"14":[8,8],"15":[8,8]},"_coverageSchema":"1a1c01bbd47fc00a2c39e90264f33305004495a9","hash":"08a0cda7a9d64942a9e680e355c90118adce297e"}
,"E:\\New project\\al-internship-recommendation-engine\\backend\\middleware\\errorHandler.ts": {"path":"E:\\New project\\al-internship-recommendation-engine\\backend\\middleware\\errorHandler.ts","statementMap":{"0":{"start":{"line":9,"column":21},"end":{"line":59,"column":1}},"1":{"start":{"line":10,"column":19},"end":{"line":10,"column":40}},"2":{"start":{"line":11,"column":16},"end":{"line":11,"column":54}},"3":{"start":{"line":14,"column":2},"end":{"line":17,"column":3}},"4":{"start":{"line":15,"column":4},"end":{"line":15,"column":21}},"5":{"start":{"line":16,"column":4},"end":{"line":16,"column":43}},"6":{"start":{"line":20,"column":2},"end":{"line":24,"column":3}},"7":{"start":{"line":21,"column":4},"end":{"line":21,"column":21}},"8":{"start":{"line":22,"column":18},"end":{"line":22,"column":63}},"9":{"start":{"line":23,"column":4},"end":{"line":23,"column":78}},"10":{"start":{"line":27,"column":2},"end":{"line":31,"column":3}},"11":{"start":{"line":28,"column":4},"end":{"line":28,"column":21}},"12":{"start":{"line":29,"column":21},"end":{"line":29,"column":79}},"13":{"start":{"line":29,"column":69},"end":{"line":29,"column":78}},"14":{"start":{"line":30,"column":4},"end":{"line":30,"column":34}},"15":{"start":{"line":34,"column":2},"end":{"line":37,"column":3}},"16":{"start":{"line":35,"column":4},"end":{"line":35,"column":21}},"17":{"start":{"line":36,"column":4},"end":{"line":36,"column":45}},"18":{"start":{"line":40,"column":18},"end":{"line":46,"column":3}},"19":{"start":{"line":48,"column":2},"end":{"line":52,"column":3}},"20":{"start":{"line":49,"column":4},"end":{"line":49,"column":60}},"21":{"start":{"line":51,"column":4},"end":{"line":51,"column":34}},"22":{"start":{"line":54,"column":2},"end":{"line":58,"column":5}}},"fnMap":{"0":{"name":"(anonymous_0)","decl":{"start":{"line":9,"column":21},"end":{"line":9,"column":22}},"loc":{"start":{"line":9,"column":85},"end":{"line":59,"column":1}},"line":9},"1":{"name":"(anonymous_1)","decl":{"start":{"line":29,"column":57},"end":{"line":29,"column":58}},"loc":{"start":{"line":29,"column":69},"end":{"line":29,"column":78}},"line":29}},"branchMap":{"0":{"loc":{"start":{"line":10,"column":19},"end":{"line":10,"column":40}},"type":"binary-expr","locations":[{"start":{"line":10,"column":19},"end":{"line":10,"column":33}},{"start":{"line":10,"column":37},"end":{"line":10,"column":40}}],"line":10},"1":{"loc":{"start":{"line":11,"column":16},"end":{"line":11,"column":54}},"type":"binary-expr","locations":[{"start":{"line":11,"column":16},"end":{"line":11,"column":27}},{"start":{"line":11,"column":31},"end":{"line":11,"column":54}}],"line":11},"2":{"loc":{"start":{"line":14,"column":2},"end":{"line":17,"column":3}},"type":"if","locations":[{"start":{"line":14,"column":2},"end":{"line":17,"column":3}},{"start":{},"end":{}}],"line":14},"3":{"loc":{"start":{"line":14,"column":6},"end":{"line":14,"column":57}},"type":"binary-expr","locations":[{"start":{"line":14,"column":6},"end":{"line":14,"column":30}},{"start":{"line":14,"column":34},"end":{"line":14,"column":57}}],"line":14},"4":{"loc":{"start":{"line":20,"column":2},"end":{"line":24,"column":3}},"type":"if","locations":[{"start":{"line":20,"column":2},"end":{"line":24,"column":3}},{"start":{},"end":{}}],"line":20},"5":{"loc":{"start":{"line":22,"column":18},"end":{"line":22,"column":63}},"type":"binary-expr","locations":[{"start":{"line":22,"column":18},"end":{"line":22,"column":52}},{"start":{"line":22,"column":56},"end":{"line":22,"column":63}}],"line":22},"6":{"loc":{"start":{"line":22,"column":30},"end":{"line":22,"column":48}},"type":"binary-expr","locations":[{"start":{"line":22,"column":30},"end":{"line":22,"column":42}},{"start":{"line":22,"column":46},"end":{"line":22,"column":48}}],"line":22},"7":{"loc":{"start":{"line":27,"column":2},"end":{"line":31,"column":3}},"type":"if","locations":[{"start":{"line":27,"column":2},"end":{"line":31,"column":3}},{"start":{},"end":{}}],"line":27},"8":{"loc":{"start":{"line":29,"column":35},"end":{"line":29,"column":51}},"type":"binary-expr","locations":[{"start":{"line":29,"column":35},"end":{"line":29,"column":45}},{"start":{"line":29,"column":49},"end":{"line":29,"column":51}}],"line":29},"9":{"loc":{"start":{"line":34,"column":2},"end":{"line":37,"column":3}},"type":"if","locations":[{"start":{"line":34,"column":2},"end":{"line":37,"column":3}},{"start":{},"end":{}}],"line":34},"10":{"loc":{"start":{"line":48,"column":2},"end":{"line":52,"column":3}},"type":"if","locations":[{"start":{"line":48,"column":2},"end":{"line":52,"column":3}},{"start":{"line":50,"column":9},"end":{"line":52,"column":3}}],"line":48},"11":{"loc":{"start":{"line":57,"column":8},"end":{"line":57,"column":70}},"type":"binary-expr","locations":[{"start":{"line":57,"column":8},"end":{"line":57,"column":46}},{"start":{"line":57,"column":50},"end":{"line":57,"column":70}}],"line":57}},"s":{"0":3,"1":2,"2":2,"3":2,"4":0,"5":0,"6":2,"7":0,"8":0,"9":0,"10":2,"11":0,"12":0,"13":0,"14":0,"15":2,"16":0,"17":0,"18":2,"19":2,"20":0,"21":2,"22":2},"f":{"0":2,"1":0},"b":{"0":[2,0],"1":[2,0],"2":[0,2],"3":[2,0],"4":[0,2],"5":[0,0],"6":[0,0],"7":[0,2],"8":[0,0],"9":[0,2],"10":[0,2],"11":[2,0]},"_coverageSchema":"1a1c01bbd47fc00a2c39e90264f33305004495a9","hash":"56a82433b65e78bbe8dce7f12be4f94b1acf679f"}
,"E:\\New project\\al-internship-recommendation-engine\\backend\\middleware\\validateRequest.ts": {"path":"E:\\New project\\al-internship-recommendation-engine\\backend\\middleware\\validateRequest.ts","statementMap":{"0":{"start":{"line":8,"column":31},"end":{"line":19,"column":1}},"1":{"start":{"line":9,"column":17},"end":{"line":9,"column":38}},"2":{"start":{"line":10,"column":2},"end":{"line":17,"column":3}},"3":{"start":{"line":11,"column":4},"end":{"line":15,"column":7}},"4":{"start":{"line":14,"column":46},"end":{"line":14,"column":79}},"5":{"start":{"line":16,"column":4},"end":{"line":16,"column":11}},"6":{"start":{"line":18,"column":2},"end":{"line":18,"column":9}},"7":{"start":{"line":24,"column":31},"end":{"line":51,"column":1}},"8":{"start":{"line":56,"column":42},"end":{"line":78,"column":1}},"9":{"start":{"line":83,"column":32},"end":{"line":88,"column":1}}},"fnMap":{"0":{"name":"(anonymous_0)","decl":{"start":{"line":8,"column":31},"end":{"line":8,"column":32}},"loc":{"start":{"line":8,"column":90},"end":{"line":19,"column":1}},"line":8},"1":{"name":"(anonymous_1)","decl":{"start":{"line":14,"column":33},"end":{"line":14,"column":34}},"loc":{"start":{"line":14,"column":46},"end":{"line":14,"column":79}},"line":14}},"branchMap":{"0":{"loc":{"start":{"line":10,"column":2},"end":{"line":17,"column":3}},"type":"if","locations":[{"start":{"line":10,"column":2},"end":{"line":17,"column":3}},{"start":{},"end":{}}],"line":10}},"s":{"0":3,"1":1,"2":1,"3":0,"4":0,"5":0,"6":1,"7":3,"8":3,"9":3},"f":{"0":1,"1":0},"b":{"0":[0,1]},"_coverageSchema":"1a1c01bbd47fc00a2c39e90264f33305004495a9","hash":"2b80661aa2490ab6f09a750cbf135a0dcdfdc4d8"}
[...]
,"E:\\New project\\al-internship-recommendation-engine\\backend\\services\\skillGapService.ts": {"path":"E:\\New project\\al-internship-recommendation-engine\\backend\\services\\skillGapService.ts","statementMap":{"0":{"start":{"line":80,"column":28},"end":{"line":80,"column":32}},"1":{"start":{"line":81,"column":0},"end":{"line":85,"column":1}},"2":{"start":{"line":82,"column":2},"end":{"line":84,"column":5}},"3":{"start":{"line":89,"column":64},"end":{"line":135,"column":1}},"4":{"start":{"line":144,"column":2},"end":{"line":153,"column":3}},"5":{"start":{"line":145,"column":4},"end":{"line":145,"column":53}},"6":{"start":{"line":147,"column":19},"end":{"line":147,"column":73}},"7":{"start":{"line":148,"column":4},"end":{"line":150,"column":7}},"8":{"start":{"line":151,"column":101},"end":{"line":151,"column":108}},"9":{"start":{"line":152,"column":4},"end":{"line":152,"column":92}},"10":{"start":{"line":162,"column":2},"end":{"line":163,"column":81}},"11":{"start":{"line":163,"column":4},"end":{"line":163,"column":81}},"12":{"start":{"line":170,"column":6},"end":{"line":170,"column":13}},"13":{"start":{"line":172,"column":17},"end":{"line":240,"column":43}},"14":{"start":{"line":242,"column":21},"end":{"line":250,"column":4}},"15":{"start":{"line":252,"column":15},"end":{"line":252,"column":66}},"16":{"start":{"line":253,"column":18},"end":{"line":253,"column":81}},"17":{"start":{"line":254,"column":41},"end":{"line":254,"column":60}},"18":{"start":{"line":256,"column":2},"end":{"line":258,"column":3}},"19":{"start":{"line":257,"column":4},"end":{"line":257,"column":69}},"20":{"start":{"line":260,"column":2},"end":{"line":265,"column":5}},"21":{"start":{"line":267,"column":2},"end":{"line":267,"column":16}},"22":{"start":{"line":279,"column":21},"end":{"line":279,"column":64}},"23":{"start":{"line":279,"column":47},"end":{"line":279,"column":62}},"24":{"start":{"line":280,"column":23},"end":{"line":280,"column":92}},"25":{"start":{"line":282,"column":22},"end":{"line":282,"column":100}},"26":{"start":{"line":283,"column":18},"end":{"line":283,"column":76}},"27":{"start":{"line":283,"column":44},"end":{"line":283,"column":75}},"28":{"start":{"line":284,"column":18},"end":{"line":284,"column":77}},"29":{"start":{"line":284,"column":44},"end":{"line":284,"column":76}},"30":{"start":{"line":286,"column":25},"end":{"line":286,"column":80}},"31":{"start":{"line":288,"column":46},"end":{"line":293,"column":5}},"32":{"start":{"line":288,"column":70},"end":{"line":293,"column":3}},"33":{"start":{"line":295,"column":36},"end":{"line":305,"column":4}},"34":{"start":{"line":296,"column":23},"end":{"line":296,"column":56}},"35":{"start":{"line":297,"column":4},"end":{"line":304,"column":6}},"36":{"start":{"line":307,"column":40},"end":{"line":323,"column":3}},"37":{"start":{"line":310,"column":55},"end":{"line":310,"column":87}},"38":{"start":{"line":315,"column":63},"end":{"line":315,"column":95}},"39":{"start":{"line":320,"column":59},"end":{"line":320,"column":91}},"40":{"start":{"line":325,"column":2},"end":{"line":340,"column":4}}},"fnMap":{"0":{"name":"analyzeSkillGaps","decl":{"start":{"line":141,"column":15},"end":{"line":141,"column":31}},"loc":{"start":{"line":143,"column":35},"end":{"line":154,"column":1}},"line":143},"1":{"name":"generateAISkillGapAnalysis","decl":{"start":{"line":159,"column":15},"end":{"line":159,"column":41}},"loc":{"start":{"line":161,"column":35},"end":{"line":268,"column":1}},"line":161},"2":{"name":"generateRuleBasedAnalysis","decl":{"start":{"line":273,"column":9},"end":{"line":273,"column":34}},"loc":{"start":{"line":278,"column":26},"end":{"line":341,"column":1}},"line":278},"3":{"name":"(anonymous_3)","decl":{"start":{"line":279,"column":40},"end":{"line":279,"column":41}},"loc":{"start":{"line":279,"column":47},"end":{"line":279,"column":62}},"line":279},"4":{"name":"(anonymous_4)","decl":{"start":{"line":283,"column":37},"end":{"line":283,"column":38}},"loc":{"start":{"line":283,"column":44},"end":{"line":283,"column":75}},"line":283},"5":{"name":"(anonymous_5)","decl":{"start":{"line":284,"column":37},"end":{"line":284,"column":38}},"loc":{"start":{"line":284,"column":44},"end":{"line":284,"column":76}},"line":284},"6":{"name":"(anonymous_6)","decl":{"start":{"line":288,"column":58},"end":{"line":288,"column":59}},"loc":{"start":{"line":288,"column":70},"end":{"line":293,"column":3}},"line":288},"7":{"name":"(anonymous_7)","decl":{"start":{"line":295,"column":48},"end":{"line":295,"column":49}},"loc":{"start":{"line":295,"column":59},"end":{"line":305,"column":3}},"line":295},"8":{"name":"(anonymous_8)","decl":{"start":{"line":310,"column":48},"end":{"line":310,"column":49}},"loc":{"start":{"line":310,"column":55},"end":{"line":310,"column":87}},"line":310},"9":{"name":"(anonymous_9)","decl":{"start":{"line":315,"column":56},"end":{"line":315,"column":57}},"loc":{"start":{"line":315,"column":63},"end":{"line":315,"column":95}},"line":315},"10":{"name":"(anonymous_10)","decl":{"start":{"line":320,"column":52},"end":{"line":320,"column":53}},"loc":{"start":{"line":320,"column":59},"end":{"line":320,"column":91}},"line":320}},"branchMap":{"0":{"loc":{"start":{"line":81,"column":0},"end":{"line":85,"column":1}},"type":"if","locations":[{"start":{"line":81,"column":0},"end":{"line":85,"column":1}},{"start":{},"end":{}}],"line":81},"1":{"loc":{"start":{"line":147,"column":19},"end":{"line":147,"column":73}},"type":"cond-expr","locations":[{"start":{"line":147,"column":44},"end":{"line":147,"column":57}},{"start":{"line":147,"column":60},"end":{"line":147,"column":73}}],"line":147},"2":{"loc":{"start":{"line":151,"column":12},"end":{"line":151,"column":23}},"type":"default-arg","locations":[{"start":{"line":151,"column":21},"end":{"line":151,"column":23}}],"line":151},"3":{"loc":{"start":{"line":151,"column":25},"end":{"line":151,"column":39}},"type":"default-arg","locations":[{"start":{"line":151,"column":37},"end":{"line":151,"column":39}}],"line":151},"4":{"loc":{"start":{"line":151,"column":41},"end":{"line":151,"column":70}},"type":"default-arg","locations":[{"start":{"line":151,"column":60},"end":{"line":151,"column":70}}],"line":151},"5":{"loc":{"start":{"line":151,"column":72},"end":{"line":151,"column":96}},"type":"default-arg","locations":[{"start":{"line":151,"column":91},"end":{"line":151,"column":96}}],"line":151},"6":{"loc":{"start":{"line":162,"column":2},"end":{"line":163,"column":81}},"type":"if","locations":[{"start":{"line":162,"column":2},"end":{"line":163,"column":81}},{"start":{},"end":{}}],"line":162},"7":{"loc":{"start":{"line":166,"column":4},"end":{"line":166,"column":15}},"type":"default-arg","locations":[{"start":{"line":166,"column":13},"end":{"line":166,"column":15}}],"line":166},"8":{"loc":{"start":{"line":167,"column":4},"end":{"line":167,"column":18}},"type":"default-arg","locations":[{"start":{"line":167,"column":16},"end":{"line":167,"column":18}}],"line":167},"9":{"loc":{"start":{"line":168,"column":4},"end":{"line":168,"column":33}},"type":"default-arg","locations":[{"start":{"line":168,"column":23},"end":{"line":168,"column":33}}],"line":168},"10":{"loc":{"start":{"line":169,"column":4},"end":{"line":169,"column":28}},"type":"default-arg","locations":[{"start":{"line":169,"column":23},"end":{"line":169,"column":28}}],"line":169},"11":{"loc":{"start":{"line":175,"column":20},"end":{"line":175,"column":57}},"type":"binary-expr","locations":[{"start":{"line":175,"column":20},"end":{"line":175,"column":37}},{"start":{"line":175,"column":41},"end":{"line":175,"column":57}}],"line":175},"12":{"loc":{"start":{"line":176,"column":15},"end":{"line":176,"column":48}},"type":"binary-expr","locations":[{"start":{"line":176,"column":15},"end":{"line":176,"column":35}},{"start":{"line":176,"column":39},"end":{"line":176,"column":48}}],"line":176},"13":{"loc":{"start":{"line":243,"column":11},"end":{"line":243,"column":54}},"type":"binary-expr","locations":[{"start":{"line":243,"column":11},"end":{"line":243,"column":35}},{"start":{"line":243,"column":39},"end":{"line":243,"column":54}}],"line":243},"14":{"loc":{"start":{"line":252,"column":15},"end":{"line":252,"column":66}},"type":"binary-expr","locations":[{"start":{"line":252,"column":15},"end":{"line":252,"column":60}},{"start":{"line":252,"column":64},"end":{"line":252,"column":66}}],"line":252},"15":{"loc":{"start":{"line":256,"column":2},"end":{"line":258,"column":3}},"type":"if","locations":[{"start":{"line":256,"column":2},"end":{"line":258,"column":3}},{"start":{},"end":{}}],"line":256},"16":{"loc":{"start":{"line":256,"column":6},"end":{"line":256,"column":49}},"type":"binary-expr","locations":[{"start":{"line":256,"column":6},"end":{"line":256,"column":24}},{"start":{"line":256,"column":28},"end":{"line":256,"column":49}}],"line":256},"17":{"loc":{"start":{"line":280,"column":23},"end":{"line":280,"column":92}},"type":"binary-expr","locations":[{"start":{"line":280,"column":23},"end":{"line":280,"column":50}},{"start":{"line":280,"column":54},"end":{"line":280,"column":92}}],"line":280},"18":{"loc":{"start":{"line":290,"column":11},"end":{"line":290,"column":121}},"type":"cond-expr","locations":[{"start":{"line":290,"column":44},"end":{"line":290,"column":54}},{"start":{"line":290,"column":57},"end":{"line":290,"column":121}}],"line":290},"19":{"loc":{"start":{"line":290,"column":57},"end":{"line":290,"column":121}},"type":"cond-expr","locations":[{"start":{"line":290,"column":94},"end":{"line":290,"column":108}},{"start":{"line":290,"column":111},"end":{"line":290,"column":121}}],"line":290},"20":{"loc":{"start":{"line":291,"column":15},"end":{"line":291,"column":68}},"type":"cond-expr","locations":[{"start":{"line":291,"column":51},"end":{"line":291,"column":57}},{"start":{"line":291,"column":60},"end":{"line":291,"column":68}}],"line":291},"21":{"loc":{"start":{"line":292,"column":22},"end":{"line":292,"column":82}},"type":"cond-expr","locations":[{"start":{"line":292,"column":58},"end":{"line":292,"column":64}},{"start":{"line":292,"column":67},"end":{"line":292,"column":82}}],"line":292},"22":{"loc":{"start":{"line":299,"column":18},"end":{"line":299,"column":105}},"type":"cond-expr","locations":[{"start":{"line":299,"column":31},"end":{"line":299,"column":41}},{"start":{"line":299,"column":44},"end":{"line":299,"column":105}}],"line":299},"23":{"loc":{"start":{"line":299,"column":44},"end":{"line":299,"column":105}},"type":"cond-expr","locations":[{"start":{"line":299,"column":88},"end":{"line":299,"column":94}},{"start":{"line":299,"column":97},"end":{"line":299,"column":105}}],"line":299},"24":{"loc":{"start":{"line":301,"column":17},"end":{"line":301,"column":50}},"type":"cond-expr","locations":[{"start":{"line":301,"column":30},"end":{"line":301,"column":36}},{"start":{"line":301,"column":39},"end":{"line":301,"column":50}}],"line":301},"25":{"loc":{"start":{"line":302,"column":22},"end":{"line":302,"column":60}},"type":"cond-expr","locations":[{"start":{"line":302,"column":35},"end":{"line":302,"column":46}},{"start":{"line":302,"column":49},"end":{"line":302,"column":60}}],"line":302}},"s":{"0":4,"1":4,"2":0,"3":4,"4":1,"5":1,"6":1,"7":1,"8":1,"9":1,"10":1,"11":1,"12":0,"13":0,"14":0,"15":0,"16":0,"17":0,"18":0,"19":0,"20":0,"21":0,"22":3,"23":3,"24":3,"25":3,"26":3,"27":41,"28":3,"29":41,"30":3,"31":3,"32":3,"33":3,"34":38,"35":38,"36":3,"37":15,"38":13,"39":13,"40":3},"f":{"0":1,"1":1,"2":3,"3":3,"4":41,"5":41,"6":3,"7":38,"8":15,"9":13,"10":13},"b":{"0":[0,4],"1":[1,0],"2":[0],"3":[0],"4":[0],"5":[0],"6":[1,0],"7":[0],"8":[0],"9":[0],"10":[0],"11":[0,0],"12":[0,0],"13":[0,0],"14":[0,0],"15":[0,0],"16":[0,0],"17":[3,0],"18":[0,3],"19":[0,3],"20":[3,0],"21":[3,0],"22":[12,26],"23":[13,13],"24":[12,26],"25":[12,26]},"_coverageSchema":"1a1c01bbd47fc00a2c39e90264f33305004495a9","hash":"298a55b4f9f292eadbd665e1ae6cdfe26dc33ade"}
,"E:\\New project\\al-internship-recommendation-engine\\backend\\tests\\dbHandler.ts": {"path":"E:\\New project\\al-internship-recommendation-engine\\backend\\tests\\dbHandler.ts","statementMap":{"0":{"start":{"line":6,"column":23},"end":{"line":10,"column":1}},"1":{"start":{"line":7,"column":2},"end":{"line":7,"column":49}},"2":{"start":{"line":8,"column":14},"end":{"line":8,"column":34}},"3":{"start":{"line":9,"column":2},"end":{"line":9,"column":30}},"4":{"start":{"line":12,"column":29},"end":{"line":16,"column":1}},"5":{"start":{"line":13,"column":2},"end":{"line":13,"column":43}},"6":{"start":{"line":14,"column":2},"end":{"line":14,"column":36}},"7":{"start":{"line":15,"column":2},"end":{"line":15,"column":27}},"8":{"start":{"line":18,"column":29},"end":{"line":24,"column":1}},"9":{"start":{"line":19,"column":22},"end":{"line":19,"column":53}},"10":{"start":{"line":20,"column":2},"end":{"line":23,"column":3}},"11":{"start":{"line":21,"column":23},"end":{"line":21,"column":39}},"12":{"start":{"line":22,"column":4},"end":{"line":22,"column":36}}},"fnMap":{"0":{"name":"(anonymous_0)","decl":{"start":{"line":6,"column":23},"end":{"line":6,"column":24}},"loc":{"start":{"line":6,"column":35},"end":{"line":10,"column":1}},"line":6},"1":{"name":"(anonymous_1)","decl":{"start":{"line":12,"column":29},"end":{"line":12,"column":30}},"loc":{"start":{"line":12,"column":41},"end":{"line":16,"column":1}},"line":12},"2":{"name":"(anonymous_2)","decl":{"start":{"line":18,"column":29},"end":{"line":18,"column":30}},"loc":{"start":{"line":18,"column":41},"end":{"line":24,"column":1}},"line":18}},"branchMap":{},"s":{"0":3,"1":3,"2":3,"3":3,"4":3,"5":3,"6":3,"7":3,"8":3,"9":7,"10":7,"11":35,"12":35},"f":{"0":3,"1":3,"2":7},"b":{},"_coverageSchema":"1a1c01bbd47fc00a2c39e90264f33305004495a9","hash":"68a0e85c682d8f3b57f73c6d76d5456c8fa72e6c"}
,"E:\\New project\\al-internship-recommendation-engine\\backend\\utils\\AppError.ts": {"path":"E:\\New project\\al-internship-recommendation-engine\\backend\\utils\\AppError.ts","statementMap":{"0":{"start":{"line":10,"column":4},"end":{"line":10,"column":19}},"1":{"start":{"line":11,"column":4},"end":{"line":11,"column":33}},"2":{"start":{"line":12,"column":4},"end":{"line":12,"column":30}},"3":{"start":{"line":13,"column":4},"end":{"line":13,"column":52}},"4":{"start":{"line":17,"column":4},"end":{"line":17,"column":34}},"5":{"start":{"line":21,"column":4},"end":{"line":21,"column":34}},"6":{"start":{"line":25,"column":4},"end":{"line":25,"column":34}},"7":{"start":{"line":29,"column":4},"end":{"line":29,"column":34}},"8":{"start":{"line":33,"column":4},"end":{"line":33,"column":34}},"9":{"start":{"line":37,"column":4},"end":{"line":37,"column":34}}},"fnMap":{"0":{"name":"(anonymous_0)","decl":{"start":{"line":9,"column":2},"end":{"line":9,"column":3}},"loc":{"start":{"line":9,"column":57},"end":{"line":14,"column":3}},"line":9},"1":{"name":"(anonymous_1)","decl":{"start":{"line":16,"column":2},"end":{"line":16,"column":3}},"loc":{"start":{"line":16,"column":59},"end":{"line":18,"column":3}},"line":16},"2":{"name":"(anonymous_2)","decl":{"start":{"line":20,"column":2},"end":{"line":20,"column":3}},"loc":{"start":{"line":20,"column":62},"end":{"line":22,"column":3}},"line":20},"3":{"name":"(anonymous_3)","decl":{"start":{"line":24,"column":2},"end":{"line":24,"column":3}},"loc":{"start":{"line":24,"column":56},"end":{"line":26,"column":3}},"line":24},"4":{"name":"(anonymous_4)","decl":{"start":{"line":28,"column":2},"end":{"line":28,"column":3}},"loc":{"start":{"line":28,"column":64},"end":{"line":30,"column":3}},"line":28},"5":{"name":"(anonymous_5)","decl":{"start":{"line":32,"column":2},"end":{"line":32,"column":3}},"loc":{"start":{"line":32,"column":54},"end":{"line":34,"column":3}},"line":32},"6":{"name":"(anonymous_6)","decl":{"start":{"line":36,"column":2},"end":{"line":36,"column":3}},"loc":{"start":{"line":36,"column":62},"end":{"line":38,"column":3}},"line":36}},"branchMap":{"0":{"loc":{"start":{"line":9,"column":31},"end":{"line":9,"column":55}},"type":"default-arg","locations":[{"start":{"line":9,"column":52},"end":{"line":9,"column":55}}],"line":9},"1":{"loc":{"start":{"line":16,"column":20},"end":{"line":16,"column":47}},"type":"default-arg","locations":[{"start":{"line":16,"column":34},"end":{"line":16,"column":47}}],"line":16},"2":{"loc":{"start":{"line":20,"column":22},"end":{"line":20,"column":50}},"type":"default-arg","locations":[{"start":{"line":20,"column":36},"end":{"line":20,"column":50}}],"line":20},"3":{"loc":{"start":{"line":24,"column":19},"end":{"line":24,"column":44}},"type":"default-arg","locations":[{"start":{"line":24,"column":33},"end":{"line":24,"column":44}}],"line":24},"4":{"loc":{"start":{"line":28,"column":18},"end":{"line":28,"column":52}},"type":"default-arg","locations":[{"start":{"line":28,"column":32},"end":{"line":28,"column":52}}],"line":28},"5":{"loc":{"start":{"line":32,"column":18},"end":{"line":32,"column":42}},"type":"default-arg","locations":[{"start":{"line":32,"column":32},"end":{"line":32,"column":42}}],"line":32},"6":{"loc":{"start":{"line":36,"column":17},"end":{"line":36,"column":50}},"type":"default-arg","locations":[{"start":{"line":36,"column":31},"end":{"line":36,"column":50}}],"line":36}},"s":{"0":2,"1":2,"2":2,"3":2,"4":0,"5":2,"6":0,"7":0,"8":0,"9":0},"f":{"0":2,"1":0,"2":2,"3":0,"4":0,"5":0,"6":0},"b":{"0":[0],"1":[0],"2":[0],"3":[0],"4":[0],"5":[0],"6":[0]},"_coverageSchema":"1a1c01bbd47fc00a2c39e90264f33305004495a9","hash":"76029c42ca2b98532f613066b786938e46cec6f3"}
,"E:\\New project\\al-internship-recommendation-engine\\backend\\utils\\logger.ts": {"path":"E:\\New project\\al-internship-recommendation-engine\\backend\\utils\\logger.ts","statementMap":{"0":{"start":{"line":4,"column":15},"end":{"line":4,"column":58}},"1":{"start":{"line":6,"column":18},"end":{"line":17,"column":1}},"2":{"start":{"line":10,"column":14},"end":{"line":10,"column":65}},"3":{"start":{"line":11,"column":4},"end":{"line":13,"column":5}},"4":{"start":{"line":12,"column":6},"end":{"line":12,"column":40}},"5":{"start":{"line":14,"column":4},"end":{"line":14,"column":35}},"6":{"start":{"line":14,"column":15},"end":{"line":14,"column":35}},"7":{"start":{"line":15,"column":4},"end":{"line":15,"column":15}},"8":{"start":{"line":19,"column":15},"end":{"line":50,"column":2}},"9":{"start":{"line":53,"column":0},"end":{"line":55,"column":2}},"10":{"start":{"line":54,"column":30},"end":{"line":54,"column":57}}},"fnMap":{"0":{"name":"(anonymous_0)","decl":{"start":{"line":9,"column":24},"end":{"line":9,"column":25}},"loc":{"start":{"line":9,"column":75},"end":{"line":16,"column":3}},"line":9},"1":{"name":"(anonymous_1)","decl":{"start":{"line":54,"column":9},"end":{"line":54,"column":10}},"loc":{"start":{"line":54,"column":30},"end":{"line":54,"column":57}},"line":54}},"branchMap":{"0":{"loc":{"start":{"line":11,"column":4},"end":{"line":13,"column":5}},"type":"if","locations":[{"start":{"line":11,"column":4},"end":{"line":13,"column":5}},{"start":{},"end":{}}],"line":11},"1":{"loc":{"start":{"line":14,"column":4},"end":{"line":14,"column":35}},"type":"if","locations":[{"start":{"line":14,"column":4},"end":{"line":14,"column":35}},{"start":{},"end":{}}],"line":14},"2":{"loc":{"start":{"line":20,"column":9},"end":{"line":20,"column":40}},"type":"binary-expr","locations":[{"start":{"line":20,"column":9},"end":{"line":20,"column":30}},{"start":{"line":20,"column":34},"end":{"line":20,"column":40}}],"line":20}},"s":{"0":5,"1":5,"2":32,"3":32,"4":16,"5":32,"6":0,"7":32,"8":5,"9":5,"10":0},"f":{"0":32,"1":0},"b":{"0":[16,16],"1":[0,32],"2":[5,5]},"_coverageSchema":"1a1c01bbd47fc00a2c39e90264f33305004495a9","hash":"760bb5d2441fff8791b7b1ecb1d2275777e1962d"}
}
