TN:
SF:server.ts
FN:51,(anonymous_0)
FN:66,(anonymous_1)
FN:130,(anonymous_2)
FN:153,(anonymous_3)
FN:233,(anonymous_4)
FN:247,(anonymous_5)
FNF:6
FNH:1
FNDA:3,(anonymous_0)
FNDA:0,(anonymous_1)
FNDA:0,(anonymous_2)
FNDA:0,(anonymous_3)
FNDA:0,(anonymous_4)
FNDA:0,(anonymous_5)
DA:9,3
DA:27,3
DA:28,3
DA:31,3
DA:32,0
DA:38,3
DA:46,3
DA:49,3
DA:51,3
DA:53,3
DA:62,3
DA:63,0
DA:66,0
DA:69,0
DA:73,3
DA:74,3
DA:79,3
DA:91,3
DA:103,3
DA:114,3
DA:118,3
DA:119,3
DA:120,3
DA:121,3
DA:122,3
DA:123,3
DA:124,3
DA:125,3
DA:126,3
DA:130,3
DA:131,0
DA:132,0
DA:133,0
DA:136,0
DA:153,3
DA:154,0
DA:233,3
DA:234,0
DA:242,3
DA:246,3
DA:247,0
DA:248,0
DA:249,0
LF:43
LH:30
BRDA:28,0,0,3
BRDA:28,0,1,0
BRDA:31,1,0,0
BRDA:31,1,1,3
BRDA:49,2,0,3
BRDA:49,2,1,0
BRDA:62,3,0,0
BRDA:62,3,1,3
BRDA:80,4,0,3
BRDA:80,4,1,0
BRDA:81,5,0,3
BRDA:81,5,1,0
BRDA:133,6,0,0
BRDA:133,6,1,0
BRDA:140,7,0,0
BRDA:140,7,1,0
BRDA:246,8,0,0
BRDA:246,8,1,3
BRDA:249,9,0,0
BRDA:249,9,1,0
BRF:20
BRH:7
end_of_record
TN:
SF:config\db.ts
FN:7,(anonymous_0)
FNF:1
FNH:0
FNDA:0,(anonymous_0)
DA:7,3
DA:8,0
DA:9,0
DA:10,0
DA:11,0
DA:13,0
DA:14,0
DA:16,0
DA:17,0
LF:9
LH:1
BRDA:10,0,0,0
BRDA:10,0,1,0
BRF:2
BRH:0
end_of_record
TN:
SF:controllers\aiController.ts
FN:10,(anonymous_0)
FNF:1
FNH:0
FNDA:0,(anonymous_0)
DA:10,3
DA:11,0
DA:12,0
DA:13,0
DA:18,0
DA:20,0
DA:21,0
DA:28,0
DA:34,0
DA:35,0
DA:41,0
DA:46,0
DA:47,0
LF:13
LH:1
BRDA:13,0,0,0
BRDA:13,0,1,0
BRDA:20,1,0,0
BRDA:20,1,1,0
BRDA:20,2,0,0
BRDA:20,2,1,0
BRDA:34,3,0,0
BRDA:34,3,1,0
BRF:8
BRH:0
end_of_record
TN:
SF:controllers\aiRecommendationController.ts
FN:10,(anonymous_0)
FNF:1
FNH:0
FNDA:0,(anonymous_0)
DA:10,3
DA:11,0
DA:12,0
DA:14,0
DA:20,0
DA:26,0
DA:27,0
DA:28,0
DA:29,0
DA:31,0
DA:32,0
DA:33,0
DA:34,0
DA:36,0
LF:14
LH:1
BRDA:26,0,0,0
BRDA:26,0,1,0
BRDA:31,1,0,0
BRDA:31,1,1,0
BRF:4
BRH:0
end_of_record
TN:
SF:controllers\authController.ts
FN:14,(anonymous_0)
FN:63,(anonymous_1)
FN:100,(anonymous_2)
FN:117,(anonymous_3)
FNF:4
FNH:2
FNDA:5,(anonymous_0)
FNDA:4,(anonymous_1)
FNDA:0,(anonymous_2)
FNDA:0,(anonymous_3)
DA:14,3
DA:15,5
DA:18,5
DA:19,5
DA:20,0
DA:24,5
DA:27,5
DA:35,5
DA:36,5
DA:38,5
DA:40,5
DA:42,5
DA:63,3
DA:64,4
DA:67,4
DA:68,4
DA:69,1
DA:73,3
DA:74,3
DA:76,3
DA:78,3
DA:80,3
DA:100,3
DA:101,0
DA:102,0
DA:104,0
DA:106,0
DA:117,3
DA:118,0
DA:120,0
DA:121,0
DA:124,0
DA:125,0
DA:127,0
DA:128,0
DA:129,0
DA:131,0
LF:37
LH:23
BRDA:19,0,0,0
BRDA:19,0,1,5
BRDA:68,1,0,1
BRDA:68,1,1,3
BRDA:68,2,0,4
BRDA:68,2,1,4
BRDA:101,3,0,0
BRDA:101,3,1,0
BRDA:120,4,0,0
BRDA:120,4,1,0
BRDA:125,5,0,0
BRDA:125,5,1,0
BRDA:127,6,0,0
BRDA:127,6,1,0
BRDA:128,7,0,0
BRDA:128,7,1,0
BRF:16
BRH:5
end_of_record
TN:
SF:controllers\dashboardController.ts
FN:14,(anonymous_0)
FN:38,(anonymous_1)
FN:53,(anonymous_2)
FN:54,(anonymous_3)
FN:57,(anonymous_4)
FN:59,(anonymous_5)
FN:69,(anonymous_6)
FN:85,(anonymous_7)
FN:86,(anonymous_8)
FN:89,(anonymous_9)
FN:92,(anonymous_10)
FN:100,(anonymous_11)
FN:107,(anonymous_12)
FN:109,(anonymous_13)
FN:114,computeProfileCompleteness
FN:131,(anonymous_15)
FN:164,(anonymous_16)
FN:184,(anonymous_17)
FN:210,(anonymous_18)
FNF:19
FNH:0
FNDA:0,(anonymous_0)
FNDA:0,(anonymous_1)
FNDA:0,(anonymous_2)
FNDA:0,(anonymous_3)
FNDA:0,(anonymous_4)
FNDA:0,(anonymous_5)
FNDA:0,(anonymous_6)
FNDA:0,(anonymous_7)
FNDA:0,(anonymous_8)
FNDA:0,(anonymous_9)
FNDA:0,(anonymous_10)
FNDA:0,(anonymous_11)
FNDA:0,(anonymous_12)
FNDA:0,(anonymous_13)
FNDA:0,computeProfileCompleteness
FNDA:0,(anonymous_15)
FNDA:0,(anonymous_16)
FNDA:0,(anonymous_17)
FNDA:0,(anonymous_18)
DA:14,3
DA:15,0
DA:17,0
DA:18,0
DA:21,0
DA:38,0
DA:39,0
DA:40,0
DA:41,0
DA:45,0
DA:46,0
DA:47,0
DA:48,0
DA:52,0
DA:53,0
DA:54,0
DA:57,0
DA:59,0
DA:65,0
DA:68,0
DA:69,0
DA:72,0
DA:85,0
DA:86,0
DA:89,0
DA:92,0
DA:100,0
DA:107,0
DA:109,0
DA:115,0
DA:116,0
DA:117,0
DA:118,0
DA:119,0
DA:120,0
DA:121,0
DA:122,0
DA:123,0
DA:131,3
DA:132,0
DA:134,0
DA:135,0
DA:136,0
DA:138,0
DA:147,0
DA:164,3
DA:165,0
DA:167,0
DA:172,0
DA:184,3
DA:185,0
DA:187,0
DA:189,0
DA:198,0
DA:210,3
DA:211,0
DA:213,0
DA:218,0
DA:219,0
DA:222,0
LF:60
LH:5
BRDA:15,0,0,0
BRDA:15,0,1,0
BRDA:33,1,0,0
BRDA:33,1,1,0
BRDA:38,2,0,0
BRDA:38,2,1,0
BRDA:41,3,0,0
BRDA:41,3,1,0
BRDA:47,4,0,0
BRDA:47,4,1,0
BRDA:48,5,0,0
BRDA:48,5,1,0
BRDA:57,6,0,0
BRDA:57,6,1,0
BRDA:59,7,0,0
BRDA:59,7,1,0
BRDA:88,8,0,0
BRDA:88,8,1,0
BRDA:96,9,0,0
BRDA:96,9,1,0
BRDA:97,10,0,0
BRDA:97,10,1,0
BRDA:98,11,0,0
BRDA:98,11,1,0
BRDA:115,12,0,0
BRDA:115,12,1,0
BRDA:117,13,0,0
BRDA:117,13,1,0
BRDA:118,14,0,0
BRDA:118,14,1,0
BRDA:119,15,0,0
BRDA:119,15,1,0
BRDA:120,16,0,0
BRDA:120,16,1,0
BRDA:120,17,0,0
BRDA:120,17,1,0
BRDA:121,18,0,0
BRDA:121,18,1,0
BRDA:122,19,0,0
BRDA:122,19,1,0
BRDA:132,20,0,0
BRDA:132,20,1,0
BRDA:134,21,0,0
BRDA:134,21,1,0
BRDA:135,22,0,0
BRDA:135,22,1,0
BRDA:165,23,0,0
BRDA:165,23,1,0
BRDA:185,24,0,0
BRDA:185,24,1,0
BRDA:193,25,0,0
BRDA:193,25,1,0
BRDA:194,26,0,0
BRDA:194,26,1,0
BRDA:195,27,0,0
BRDA:195,27,1,0
BRDA:211,28,0,0
BRDA:211,28,1,0
BRDA:218,29,0,0
BRDA:218,29,1,0
BRF:60
BRH:0
end_of_record
TN:
SF:controllers\internshipController.ts
FN:11,(anonymous_0)
FN:30,(anonymous_1)
FN:53,(anonymous_2)
FN:88,(anonymous_3)
FN:111,(anonymous_4)
FNF:5
FNH:0
FNDA:0,(anonymous_0)
FNDA:0,(anonymous_1)
FNDA:0,(anonymous_2)
FNDA:0,(anonymous_3)
FNDA:0,(anonymous_4)
DA:11,3
DA:12,0
DA:13,0
DA:15,0
DA:21,0
DA:30,3
DA:31,0
DA:32,0
DA:34,0
DA:35,0
DA:38,0
DA:43,0
DA:53,3
DA:54,0
DA:55,0
DA:57,0
DA:65,0
DA:72,0
DA:73,0
DA:77,0
DA:79,0
DA:88,3
DA:89,0
DA:90,0
DA:96,0
DA:102,0
DA:111,3
DA:112,0
DA:113,0
DA:115,0
DA:116,0
DA:119,0
DA:124,0
LF:33
LH:5
BRDA:34,0,0,0
BRDA:34,0,1,0
BRDA:61,1,0,0
BRDA:61,1,1,0
BRDA:62,2,0,0
BRDA:62,2,1,0
BRDA:72,3,0,0
BRDA:72,3,1,0
BRDA:115,4,0,0
BRDA:115,4,1,0
BRF:10
BRH:0
end_of_record
TN:
SF:controllers\profileController.ts
FN:10,(anonymous_0)
FN:37,(anonymous_1)
FN:59,(anonymous_2)
FNF:3
FNH:0
FNDA:0,(anonymous_0)
FNDA:0,(anonymous_1)
FNDA:0,(anonymous_2)
DA:10,3
DA:11,0
DA:12,0
DA:14,0
DA:22,0
DA:28,0
DA:37,3
DA:38,0
DA:39,0
DA:41,0
DA:42,0
DA:45,0
DA:50,0
DA:59,3
DA:60,0
DA:61,0
DA:63,0
DA:69,0
LF:18
LH:3
BRDA:16,0,0,0
BRDA:16,0,1,0
BRDA:17,1,0,0
BRDA:17,1,1,0
BRDA:19,2,0,0
BRDA:19,2,1,0
BRDA:41,3,0,0
BRDA:41,3,1,0
BRF:8
BRH:0
end_of_record
TN:
SF:controllers\recommendationController.ts
FN:16,(anonymous_0)
FN:53,(anonymous_1)
FN:78,(anonymous_2)
FNF:3
FNH:1
FNDA:1,(anonymous_0)
FNDA:0,(anonymous_1)
FNDA:0,(anonymous_2)
DA:16,3
DA:17,1
DA:19,1
DA:28,1
DA:31,1
DA:34,1
DA:35,1
DA:37,1
DA:38,0
DA:39,0
DA:40,0
DA:41,0
DA:42,0
DA:44,0
DA:49,1
DA:50,0
DA:53,0
DA:64,1
DA:78,3
DA:79,0
DA:81,0
DA:82,0
DA:85,0
DA:92,0
LF:24
LH:11
BRDA:21,0,0,1
BRDA:21,0,1,0
BRDA:22,1,0,1
BRDA:22,1,1,0
BRDA:24,2,0,1
BRDA:24,2,1,0
BRDA:37,3,0,0
BRDA:37,3,1,1
BRDA:39,4,0,0
BRDA:39,4,1,0
BRDA:39,5,0,0
BRDA:39,5,1,0
BRDA:49,6,0,0
BRDA:49,6,1,1
BRDA:58,7,0,0
BRDA:58,7,1,0
BRDA:60,8,0,0
BRDA:60,8,1,0
BRDA:81,9,0,0
BRDA:81,9,1,0
BRF:20
BRH:5
end_of_record
TN:
SF:controllers\resumeController.ts
FN:17,(anonymous_0)
FN:31,(anonymous_1)
FN:33,(anonymous_2)
FN:34,(anonymous_3)
FN:96,(anonymous_4)
FN:127,parsePdfFromRequest
FN:128,(anonymous_6)
FN:129,(anonymous_7)
FN:169,(anonymous_8)
FN:205,(anonymous_9)
FNF:10
FNH:5
FNDA:1,(anonymous_0)
FNDA:1,(anonymous_1)
FNDA:1,(anonymous_2)
FNDA:1,(anonymous_3)
FNDA:1,(anonymous_4)
FNDA:0,parsePdfFromRequest
FNDA:0,(anonymous_6)
FNDA:0,(anonymous_7)
FNDA:0,(anonymous_8)
FNDA:0,(anonymous_9)
DA:14,3
DA:18,1
DA:19,1
DA:21,0
DA:31,3
DA:33,1
DA:34,1
DA:35,1
DA:36,0
DA:37,0
DA:39,0
DA:41,1
DA:42,1
DA:46,1
DA:47,0
DA:52,1
DA:53,1
DA:55,0
DA:58,1
DA:59,1
DA:60,0
DA:64,1
DA:67,1
DA:68,1
DA:73,1
DA:74,1
DA:84,1
DA:92,1
DA:93,1
DA:96,1
DA:107,1
DA:113,1
DA:128,0
DA:129,0
DA:130,0
DA:131,0
DA:132,0
DA:134,0
DA:136,0
DA:137,0
DA:141,0
DA:142,0
DA:146,0
DA:147,0
DA:149,0
DA:154,0
DA:155,0
DA:156,0
DA:161,0
DA:169,3
DA:170,0
DA:173,0
DA:176,0
DA:177,0
DA:182,0
DA:183,0
DA:193,0
DA:201,0
DA:202,0
DA:205,0
DA:216,0
DA:223,0
LF:62
LH:26
BRDA:18,0,0,1
BRDA:18,0,1,0
BRDA:35,1,0,0
BRDA:35,1,1,1
BRDA:36,2,0,0
BRDA:36,2,1,0
BRDA:41,3,0,0
BRDA:41,3,1,1
BRDA:46,4,0,0
BRDA:46,4,1,1
BRDA:59,5,0,0
BRDA:59,5,1,1
BRDA:59,6,0,1
BRDA:59,6,1,1
BRDA:67,7,0,1
BRDA:67,7,1,0
BRDA:73,8,0,1
BRDA:73,8,1,0
BRDA:92,9,0,1
BRDA:92,9,1,0
BRDA:101,10,0,1
BRDA:101,10,1,0
BRDA:130,11,0,0
BRDA:130,11,1,0
BRDA:131,12,0,0
BRDA:131,12,1,0
BRDA:136,13,0,0
BRDA:136,13,1,0
BRDA:141,14,0,0
BRDA:141,14,1,0
BRDA:155,15,0,0
BRDA:155,15,1,0
BRDA:155,16,0,0
BRDA:155,16,1,0
BRDA:176,17,0,0
BRDA:176,17,1,0
BRDA:182,18,0,0
BRDA:182,18,1,0
BRDA:201,19,0,0
BRDA:201,19,1,0
BRDA:210,20,0,0
BRDA:210,20,1,0
BRF:42
BRH:11
end_of_record
TN:
SF:controllers\skillGapController.ts
FN:12,(anonymous_0)
FNF:1
FNH:0
FNDA:0,(anonymous_0)
DA:12,3
DA:13,0
DA:15,0
DA:16,0
DA:19,0
DA:27,0
DA:28,0
DA:32,0
DA:33,0
DA:34,0
DA:38,0
LF:11
LH:1
BRDA:15,0,0,0
BRDA:15,0,1,0
BRDA:15,1,0,0
BRDA:15,1,1,0
BRDA:21,2,0,0
BRDA:21,2,1,0
BRDA:22,3,0,0
BRDA:22,3,1,0
BRDA:23,4,0,0
BRDA:23,4,1,0
BRDA:27,5,0,0
BRDA:27,5,1,0
BRDA:32,6,0,0
BRDA:32,6,1,0
BRDA:33,7,0,0
BRDA:33,7,1,0
BRF:16
BRH:0
end_of_record
TN:
SF:middleware\asyncHandler.ts
FN:7,(anonymous_0)
FN:8,(anonymous_1)
FNF:2
FNH:2
FNDA:42,(anonymous_0)
FNDA:11,(anonymous_1)
DA:7,3
DA:8,42
DA:9,11
LF:3
LH:3
BRF:0
BRH:0
end_of_record
TN:
SF:middleware\auth.ts
FN:20,(anonymous_0)
FN:60,(anonymous_1)
FN:78,(anonymous_2)
FN:79,(anonymous_3)
FN:90,(anonymous_4)
FNF:5
FNH:3
FNDA:2,(anonymous_0)
FNDA:1,(anonymous_1)
FNDA:0,(anonymous_2)
FNDA:0,(anonymous_3)
FNDA:8,(anonymous_4)
DA:6,3
DA:8,3
DA:9,0
DA:20,3
DA:21,2
DA:25,2
DA:26,2
DA:27,1
DA:30,2
DA:31,1
DA:35,1
DA:38,1
DA:39,1
DA:40,0
DA:43,1
DA:44,1
DA:46,1
DA:47,0
DA:49,1
DA:50,0
DA:52,1
DA:60,3
DA:61,1
DA:62,1
DA:63,1
DA:64,0
DA:65,0
DA:66,0
DA:71,1
DA:78,3
DA:79,0
DA:80,0
DA:81,0
DA:83,0
DA:90,3
DA:91,8
LF:36
LH:25
BRDA:8,0,0,0
BRDA:8,0,1,3
BRDA:8,1,0,3
BRDA:8,1,1,3
BRDA:26,2,0,1
BRDA:26,2,1,1
BRDA:26,3,0,2
BRDA:26,3,1,1
BRDA:30,4,0,1
BRDA:30,4,1,1
BRDA:35,5,0,1
BRDA:35,5,1,1
BRDA:39,6,0,0
BRDA:39,6,1,1
BRDA:46,7,0,0
BRDA:46,7,1,1
BRDA:49,8,0,0
BRDA:49,8,1,1
BRDA:63,9,0,0
BRDA:63,9,1,1
BRDA:63,10,0,1
BRDA:63,10,1,0
BRDA:65,11,0,0
BRDA:65,11,1,0
BRDA:80,12,0,0
BRDA:80,12,1,0
BRDA:80,13,0,0
BRDA:80,13,1,0
BRDA:91,14,0,8
BRDA:91,14,1,8
BRDA:92,15,0,8
BRDA:92,15,1,8
BRF:32
BRH:20
end_of_record
TN:
SF:middleware\errorHandler.ts
FN:9,(anonymous_0)
FN:29,(anonymous_1)
FNF:2
FNH:1
FNDA:2,(anonymous_0)
FNDA:0,(anonymous_1)
DA:9,3
DA:10,2
DA:11,2
DA:14,2
DA:15,0
DA:16,0
DA:20,2
DA:21,0
DA:22,0
DA:23,0
DA:27,2
DA:28,0
DA:29,0
DA:30,0
DA:34,2
DA:35,0
DA:36,0
DA:40,2
DA:48,2
DA:49,0
DA:51,2
DA:54,2
LF:22
LH:11
BRDA:10,0,0,2
BRDA:10,0,1,0
BRDA:11,1,0,2
BRDA:11,1,1,0
BRDA:14,2,0,0
BRDA:14,2,1,2
BRDA:14,3,0,2
BRDA:14,3,1,0
BRDA:20,4,0,0
BRDA:20,4,1,2
BRDA:22,5,0,0
BRDA:22,5,1,0
BRDA:22,6,0,0
BRDA:22,6,1,0
BRDA:27,7,0,0
BRDA:27,7,1,2
BRDA:29,8,0,0
BRDA:29,8,1,0
BRDA:34,9,0,0
BRDA:34,9,1,2
BRDA:48,10,0,0
BRDA:48,10,1,2
BRDA:57,11,0,2
BRDA:57,11,1,0
BRF:24
BRH:9
end_of_record
TN:
SF:middleware\validateRequest.ts
FN:8,(anonymous_0)
FN:14,(anonymous_1)
FNF:2
FNH:1
FNDA:1,(anonymous_0)
FNDA:0,(anonymous_1)
DA:8,3
DA:9,1
DA:10,1
DA:11,0
DA:14,0
DA:16,0
DA:18,1
DA:24,3
DA:56,3
DA:83,3
LF:10
LH:7
BRDA:10,0,0,0
BRDA:10,0,1,1
BRF:2
BRH:1
end_of_record
TN:
SF:models\Internship.ts
FN:82,(anonymous_0)
FNF:1
FNH:1
FNDA:3,(anonymous_0)
DA:38,3
DA:82,3
DA:111,3
DA:118,3
LF:4
LH:4
BRF:0
BRH:0
end_of_record
TN:
SF:models\Profile.ts
FN:27,(anonymous_0)
FNF:1
FNH:1
FNDA:6,(anonymous_0)
DA:21,3
DA:27,6
DA:57,3
LF:3
LH:3
BRF:0
BRH:0
end_of_record
TN:
SF:models\RecommendationHistory.ts
FNF:0
FNH:0
DA:43,3
DA:91,3
LF:2
LH:2
BRF:0
BRH:0
end_of_record
TN:
SF:models\SavedRecommendation.ts
FNF:0
FNH:0
DA:26,3
DA:64,3
DA:70,3
LF:3
LH:3
BRF:0
BRH:0
end_of_record
TN:
SF:models\User.ts
FN:76,(anonymous_0)
FN:83,(anonymous_1)
FN:90,(anonymous_2)
FNF:3
FNH:2
FNDA:13,(anonymous_0)
FNDA:4,(anonymous_1)
FNDA:0,(anonymous_2)
DA:29,3
DA:76,3
DA:77,13
DA:78,5
DA:79,5
DA:83,3
DA:86,4
DA:90,3
DA:91,0
DA:92,0
DA:93,0
DA:96,3
LF:12
LH:9
BRDA:77,0,0,8
BRDA:77,0,1,5
BRF:2
BRH:2
end_of_record
TN:
SF:routes\aiRecommendationRoutes.ts
FN:9,(anonymous_0)
FN:15,(anonymous_1)
FNF:2
FNH:0
FNDA:0,(anonymous_0)
FNDA:0,(anonymous_1)
DA:7,3
DA:9,3
DA:10,0
DA:11,0
DA:12,0
DA:15,0
DA:17,0
DA:19,0
DA:22,3
DA:50,3
LF:10
LH:4
BRDA:11,0,0,0
BRDA:11,0,1,0
BRF:2
BRH:0
end_of_record
TN:
SF:routes\aiRoutes.ts
FNF:0
FNH:0
DA:4,3
DA:7,3
LF:2
LH:2
BRF:0
BRH:0
end_of_record
TN:
SF:routes\authRoutes.ts
FN:9,(anonymous_0)
FN:15,(anonymous_1)
FNF:2
FNH:2
FNDA:10,(anonymous_0)
FNDA:4,(anonymous_1)
DA:7,3
DA:9,3
DA:10,10
DA:11,10
DA:12,1
DA:15,4
DA:17,1
DA:19,9
DA:22,3
DA:33,3
DA:40,3
DA:43,3
DA:46,3
DA:49,3
LF:14
LH:14
BRDA:11,0,0,1
BRDA:11,0,1,9
BRF:2
BRH:2
end_of_record
TN:
SF:routes\dashboardRoutes.ts
FN:14,(anonymous_0)
FN:20,(anonymous_1)
FNF:2
FNH:0
FNDA:0,(anonymous_0)
FNDA:0,(anonymous_1)
DA:12,3
DA:14,3
DA:15,0
DA:16,0
DA:17,0
DA:20,0
DA:22,0
DA:24,0
DA:28,3
DA:31,3
DA:34,3
DA:37,3
DA:40,3
DA:51,3
LF:14
LH:8
BRDA:16,0,0,0
BRDA:16,0,1,0
BRF:2
BRH:0
end_of_record
TN:
SF:routes\internshipRoutes.ts
FNF:0
FNH:0
DA:14,3
DA:17,3
DA:20,3
DA:23,3
DA:26,3
DA:29,3
LF:6
LH:6
BRF:0
BRH:0
end_of_record
TN:
SF:routes\profileRoutes.ts
FNF:0
FNH:0
DA:12,3
DA:15,3
DA:18,3
DA:21,3
LF:4
LH:4
BRF:0
BRH:0
end_of_record
TN:
SF:routes\recommendationRoutes.ts
FNF:0
FNH:0
DA:12,3
DA:15,3
DA:18,3
LF:3
LH:3
BRF:0
BRH:0
end_of_record
TN:
SF:routes\resumeRoutes.ts
FNF:0
FNH:0
DA:5,3
DA:8,3
DA:11,3
LF:3
LH:3
BRF:0
BRH:0
end_of_record
TN:
SF:routes\skillGapRoutes.ts
FN:8,(anonymous_0)
FN:14,(anonymous_1)
FNF:2
FNH:0
FNDA:0,(anonymous_0)
FNDA:0,(anonymous_1)
DA:6,3
DA:8,3
DA:9,0
DA:10,0
DA:11,0
DA:14,0
DA:16,0
DA:18,0
DA:22,3
LF:9
LH:3
BRDA:10,0,0,0
BRDA:10,0,1,0
BRF:2
BRH:0
end_of_record
TN:
SF:services\geminiService.ts
FN:66,getModel
FN:78,isGeminiAvailable
FN:86,enhanceWithAI
FN:101,(anonymous_3)
FN:162,(anonymous_4)
FN:182,(anonymous_5)
FN:205,(anonymous_6)
FN:219,generatePureAIRecommendations
FN:286,(anonymous_8)
FN:309,(anonymous_9)
FNF:10
FNH:0
FNDA:0,getModel
FNDA:0,isGeminiAvailable
FNDA:0,enhanceWithAI
FNDA:0,(anonymous_3)
FNDA:0,(anonymous_4)
FNDA:0,(anonymous_5)
FNDA:0,(anonymous_6)
FNDA:0,generatePureAIRecommendations
FNDA:0,(anonymous_8)
FNDA:0,(anonymous_9)
DA:63,1
DA:64,1
DA:67,0
DA:68,0
DA:69,0
DA:70,0
DA:71,0
DA:75,0
DA:79,0
DA:90,0
DA:91,0
DA:99,0
DA:101,0
DA:114,0
DA:154,0
DA:156,0
DA:157,0
DA:159,0
DA:160,0
DA:161,0
DA:162,0
DA:163,0
DA:165,0
DA:169,0
DA:170,0
DA:171,0
DA:173,0
DA:174,0
DA:175,0
DA:179,0
DA:180,0
DA:181,0
DA:182,0
DA:184,0
DA:186,0
DA:205,0
DA:206,0
DA:207,0
DA:209,0
DA:210,0
DA:211,0
DA:224,0
DA:225,0
DA:233,0
DA:235,0
DA:271,0
DA:272,0
DA:273,0
DA:274,0
DA:275,0
DA:277,0
DA:278,0
DA:279,0
DA:282,0
DA:284,0
DA:285,0
DA:286,0
DA:288,0
DA:290,0
DA:309,0
DA:311,0
DA:312,0
DA:313,0
LF:63
LH:2
BRDA:68,0,0,0
BRDA:68,0,1,0
BRDA:68,1,0,0
BRDA:68,1,1,0
BRDA:69,2,0,0
BRDA:69,2,1,0
BRDA:72,3,0,0
BRDA:72,3,1,0
BRDA:91,4,0,0
BRDA:91,4,1,0
BRDA:94,5,0,0
BRDA:95,6,0,0
BRDA:119,7,0,0
BRDA:119,7,1,0
BRDA:120,8,0,0
BRDA:120,8,1,0
BRDA:121,9,0,0
BRDA:121,9,1,0
BRDA:159,10,0,0
BRDA:159,10,1,0
BRDA:160,11,0,0
BRDA:160,11,1,0
BRDA:173,12,0,0
BRDA:173,12,1,0
BRDA:184,13,0,0
BRDA:184,13,1,0
BRDA:189,14,0,0
BRDA:189,14,1,0
BRDA:189,14,2,0
BRDA:191,15,0,0
BRDA:191,15,1,0
BRDA:192,16,0,0
BRDA:192,16,1,0
BRDA:193,17,0,0
BRDA:193,17,1,0
BRDA:194,18,0,0
BRDA:194,18,1,0
BRDA:195,19,0,0
BRDA:195,19,1,0
BRDA:196,20,0,0
BRDA:196,20,1,0
BRDA:198,21,0,0
BRDA:198,21,1,0
BRDA:198,21,2,0
BRDA:199,22,0,0
BRDA:199,22,1,0
BRDA:199,22,2,0
BRDA:201,23,0,0
BRDA:201,23,1,0
BRDA:207,24,0,0
BRDA:207,24,1,0
BRDA:209,25,0,0
BRDA:209,25,1,0
BRDA:222,26,0,0
BRDA:225,27,0,0
BRDA:225,27,1,0
BRDA:228,28,0,0
BRDA:229,29,0,0
BRDA:240,30,0,0
BRDA:240,30,1,0
BRDA:241,31,0,0
BRDA:241,31,1,0
BRDA:242,32,0,0
BRDA:242,32,1,0
BRDA:277,33,0,0
BRDA:277,33,1,0
BRDA:288,34,0,0
BRDA:288,34,1,0
BRDA:293,35,0,0
BRDA:293,35,1,0
BRDA:295,36,0,0
BRDA:295,36,1,0
BRDA:296,37,0,0
BRDA:296,37,1,0
BRDA:297,38,0,0
BRDA:297,38,1,0
BRDA:298,39,0,0
BRDA:298,39,1,0
BRDA:299,40,0,0
BRDA:299,40,1,0
BRDA:300,41,0,0
BRDA:300,41,1,0
BRDA:302,42,0,0
BRDA:302,42,1,0
BRDA:303,43,0,0
BRDA:303,43,1,0
BRDA:311,44,0,0
BRDA:311,44,1,0
BRF:88
BRH:0
end_of_record
TN:
SF:services\openaiService.ts
FN:78,generateAIRecommendation
FN:158,extractSkillsFromResume
FN:218,analyzeResume
FNF:3
FNH:0
FNDA:0,generateAIRecommendation
FNDA:0,extractSkillsFromResume
FNDA:0,analyzeResume
DA:68,3
DA:69,3
DA:70,0
DA:81,0
DA:82,0
DA:84,0
DA:86,0
DA:126,0
DA:140,0
DA:141,0
DA:146,0
DA:148,0
DA:149,0
DA:152,0
DA:161,0
DA:162,0
DA:164,0
DA:186,0
DA:200,0
DA:201,0
DA:206,0
DA:208,0
DA:209,0
DA:212,0
DA:222,0
DA:223,0
DA:225,0
DA:265,0
DA:279,0
DA:280,0
DA:285,0
DA:287,0
DA:288,0
DA:291,0
LF:34
LH:2
BRDA:69,0,0,0
BRDA:69,0,1,3
BRDA:81,1,0,0
BRDA:81,1,1,0
BRDA:84,2,0,0
BRDA:84,3,0,0
BRDA:84,4,0,0
BRDA:127,5,0,0
BRDA:127,5,1,0
BRDA:140,6,0,0
BRDA:140,6,1,0
BRDA:148,7,0,0
BRDA:148,7,1,0
BRDA:148,8,0,0
BRDA:148,8,1,0
BRDA:148,8,2,0
BRDA:161,9,0,0
BRDA:161,9,1,0
BRDA:187,10,0,0
BRDA:187,10,1,0
BRDA:200,11,0,0
BRDA:200,11,1,0
BRDA:208,12,0,0
BRDA:208,12,1,0
BRDA:208,13,0,0
BRDA:208,13,1,0
BRDA:220,14,0,0
BRDA:222,15,0,0
BRDA:222,15,1,0
BRDA:266,16,0,0
BRDA:266,16,1,0
BRDA:279,17,0,0
BRDA:279,17,1,0
BRDA:287,18,0,0
BRDA:287,18,1,0
BRDA:287,19,0,0
BRDA:287,19,1,0
BRF:37
BRH:1
end_of_record
TN:
SF:services\recommendationService.ts
FN:132,norm
FN:136,tokenize
FN:140,(anonymous_2)
FN:144,resolveAlias
FN:163,buildIDF
FN:183,cosineSim
FN:197,jaccard
FN:210,computeSkillScore
FN:231,(anonymous_8)
FN:245,computeDomainScore
FN:252,(anonymous_10)
FN:256,computeInterestScore
FN:279,computeLocationScore
FN:298,computeExperienceScore
FN:318,computeRecencyScore
FN:330,computeConfidence
FN:342,(anonymous_16)
FN:343,(anonymous_17)
FN:353,getRecommendations
FN:368,(anonymous_19)
FN:401,(anonymous_20)
FN:402,(anonymous_21)
FN:404,(anonymous_22)
FN:405,(anonymous_23)
FN:420,(anonymous_24)
FN:428,(anonymous_25)
FN:436,(anonymous_26)
FN:437,(anonymous_27)
FN:453,generateReasoning
FNF:29
FNH:28
FNDA:105,norm
FNDA:33,tokenize
FNDA:67,(anonymous_2)
FNDA:52,resolveAlias
FNDA:5,buildIDF
FNDA:11,cosineSim
FNDA:12,jaccard
FNDA:9,computeSkillScore
FNDA:17,(anonymous_8)
FNDA:4,computeDomainScore
FNDA:0,(anonymous_10)
FNDA:4,computeInterestScore
FNDA:4,computeLocationScore
FNDA:4,computeExperienceScore
FNDA:4,computeRecencyScore
FNDA:4,computeConfidence
FNDA:24,(anonymous_16)
FNDA:24,(anonymous_17)
FNDA:3,getRecommendations
FNDA:4,(anonymous_19)
FNDA:8,(anonymous_20)
FNDA:12,(anonymous_21)
FNDA:8,(anonymous_22)
FNDA:12,(anonymous_23)
FNDA:1,(anonymous_24)
FNDA:4,(anonymous_25)
FNDA:4,(anonymous_26)
FNDA:4,(anonymous_27)
FNDA:4,generateReasoning
DA:79,4
DA:88,4
DA:94,4
DA:119,4
DA:133,105
DA:137,33
DA:140,67
DA:145,52
DA:146,52
DA:164,5
DA:165,5
DA:166,5
DA:167,10
DA:168,10
DA:169,14
DA:170,14
DA:173,5
DA:174,5
DA:175,13
DA:177,5
DA:184,11
DA:185,11
DA:186,11
DA:187,20
DA:188,20
DA:189,20
DA:190,20
DA:191,20
DA:193,11
DA:194,11
DA:198,12
DA:199,12
DA:200,18
DA:201,12
DA:202,12
DA:215,9
DA:216,8
DA:218,7
DA:219,7
DA:222,7
DA:223,11
DA:224,7
DA:225,12
DA:226,7
DA:229,7
DA:230,7
DA:231,17
DA:233,7
DA:236,7
DA:237,11
DA:238,7
DA:239,13
DA:240,7
DA:242,7
DA:249,4
DA:250,3
DA:251,0
DA:252,0
DA:253,0
DA:260,4
DA:262,4
DA:263,6
DA:265,4
DA:271,4
DA:273,4
DA:283,4
DA:284,3
DA:285,3
DA:286,3
DA:287,1
DA:288,1
DA:289,1
DA:290,1
DA:291,1
DA:292,1
DA:302,4
DA:303,4
DA:308,4
DA:309,4
DA:310,0
DA:311,0
DA:312,0
DA:319,4
DA:320,4
DA:321,4
DA:322,0
DA:323,0
DA:324,0
DA:334,4
DA:335,4
DA:336,4
DA:337,4
DA:338,4
DA:339,4
DA:340,4
DA:341,4
DA:342,24
DA:343,24
DA:344,4
DA:345,4
DA:363,3
DA:365,3
DA:366,3
DA:368,3
DA:369,4
DA:370,4
DA:371,4
DA:372,4
DA:373,4
DA:377,4
DA:379,4
DA:389,4
DA:399,4
DA:400,4
DA:401,4
DA:402,12
DA:404,4
DA:405,12
DA:408,4
DA:419,3
DA:421,1
DA:426,3
DA:427,3
DA:428,4
DA:429,3
DA:431,3
DA:436,4
DA:437,4
DA:441,3
DA:447,3
DA:459,4
DA:461,4
DA:462,2
DA:463,2
DA:464,1
DA:465,1
DA:466,0
DA:469,4
DA:470,3
DA:471,1
DA:472,1
DA:475,4
DA:476,2
DA:479,4
DA:480,4
DA:483,4
DA:484,2
DA:487,4
DA:488,0
DA:491,4
LF:150
LH:139
BRDA:133,0,0,105
BRDA:133,0,1,0
BRDA:146,1,0,52
BRDA:146,1,1,47
BRDA:164,2,0,5
BRDA:164,2,1,0
BRDA:168,3,0,10
BRDA:168,3,1,2
BRDA:170,4,0,14
BRDA:170,4,1,0
BRDA:170,5,0,14
BRDA:170,5,1,13
BRDA:187,6,0,20
BRDA:187,6,1,4
BRDA:188,7,0,20
BRDA:188,7,1,4
BRDA:194,8,0,10
BRDA:194,8,1,1
BRDA:198,9,0,0
BRDA:198,9,1,12
BRDA:198,10,0,12
BRDA:198,10,1,0
BRDA:200,11,0,15
BRDA:200,11,1,3
BRDA:202,12,0,12
BRDA:202,12,1,0
BRDA:215,13,0,1
BRDA:215,13,1,8
BRDA:215,14,0,9
BRDA:215,14,1,9
BRDA:216,15,0,1
BRDA:216,15,1,7
BRDA:216,16,0,8
BRDA:216,16,1,8
BRDA:223,17,0,11
BRDA:223,17,1,11
BRDA:223,18,0,11
BRDA:223,18,1,0
BRDA:225,19,0,12
BRDA:225,19,1,12
BRDA:225,20,0,12
BRDA:225,20,1,0
BRDA:231,21,0,9
BRDA:231,21,1,3
BRDA:231,22,0,17
BRDA:231,22,1,8
BRDA:249,23,0,1
BRDA:249,23,1,3
BRDA:249,24,0,4
BRDA:249,24,1,4
BRDA:250,25,0,3
BRDA:250,25,1,0
BRDA:251,26,0,0
BRDA:251,26,1,0
BRDA:252,27,0,0
BRDA:252,27,1,0
BRDA:260,28,0,0
BRDA:260,28,1,4
BRDA:260,29,0,4
BRDA:260,29,1,4
BRDA:269,30,0,4
BRDA:269,30,1,0
BRDA:283,31,0,1
BRDA:283,31,1,3
BRDA:285,32,0,3
BRDA:285,32,1,0
BRDA:286,33,0,2
BRDA:286,33,1,1
BRDA:287,34,0,0
BRDA:287,34,1,1
BRDA:288,35,0,0
BRDA:288,35,1,1
BRDA:288,36,0,1
BRDA:288,36,1,1
BRDA:292,37,0,0
BRDA:292,37,1,1
BRDA:308,38,0,4
BRDA:308,38,1,0
BRDA:309,39,0,4
BRDA:309,39,1,0
BRDA:309,40,0,4
BRDA:309,40,1,4
BRDA:310,41,0,0
BRDA:310,41,1,0
BRDA:319,42,0,0
BRDA:319,42,1,4
BRDA:321,43,0,4
BRDA:321,43,1,0
BRDA:322,44,0,0
BRDA:322,44,1,0
BRDA:323,45,0,0
BRDA:323,45,1,0
BRDA:336,46,0,4
BRDA:336,46,1,0
BRDA:337,47,0,3
BRDA:337,47,1,1
BRDA:337,48,0,4
BRDA:337,48,1,4
BRDA:338,49,0,4
BRDA:338,49,1,0
BRDA:339,50,0,3
BRDA:339,50,1,1
BRDA:355,51,0,3
BRDA:358,52,0,0
BRDA:359,53,0,0
BRDA:360,54,0,0
BRDA:361,55,0,0
BRDA:362,56,0,1
BRDA:375,57,0,4
BRDA:375,57,1,0
BRDA:400,58,0,4
BRDA:400,58,1,0
BRDA:402,59,0,12
BRDA:402,59,1,7
BRDA:405,60,0,12
BRDA:405,60,1,7
BRDA:421,61,0,1
BRDA:421,61,1,0
BRDA:421,61,2,0
BRDA:429,62,0,3
BRDA:429,62,1,0
BRDA:461,63,0,2
BRDA:461,63,1,2
BRDA:463,64,0,1
BRDA:463,64,1,1
BRDA:465,65,0,0
BRDA:465,65,1,1
BRDA:469,66,0,3
BRDA:469,66,1,1
BRDA:471,67,0,1
BRDA:471,67,1,0
BRDA:475,68,0,2
BRDA:475,68,1,2
BRDA:479,69,0,4
BRDA:479,69,1,0
BRDA:483,70,0,2
BRDA:483,70,1,2
BRDA:483,71,0,4
BRDA:483,71,1,2
BRDA:487,72,0,0
BRDA:487,72,1,4
BRF:141
BRH:97
end_of_record
TN:
SF:services\resumeService.ts
FN:155,detectSections
FN:185,extractContactInfo
FN:201,extractEducation
FN:221,extractYearsOfExperience
FN:250,extractProfileFromResume
FN:277,(anonymous_5)
FN:278,(anonymous_6)
FN:287,(anonymous_7)
FN:288,(anonymous_8)
FN:297,(anonymous_9)
FN:319,(anonymous_10)
FN:327,(anonymous_11)
FN:357,computeResumeCompleteness
FN:377,extractProfileWithAI
FN:433,getFullResumeAnalysis
FNF:15
FNH:13
FNDA:1,detectSections
FNDA:1,extractContactInfo
FNDA:1,extractEducation
FNDA:1,extractYearsOfExperience
FNDA:1,extractProfileFromResume
FNDA:1,(anonymous_5)
FNDA:2,(anonymous_6)
FNDA:9,(anonymous_7)
FNDA:7,(anonymous_8)
FNDA:22,(anonymous_9)
FNDA:76,(anonymous_10)
FNDA:28,(anonymous_11)
FNDA:1,computeResumeCompleteness
FNDA:0,extractProfileWithAI
FNDA:0,getFullResumeAnalysis
DA:45,3
DA:140,3
DA:143,3
DA:156,1
DA:157,1
DA:158,1
DA:159,1
DA:161,1
DA:162,1
DA:163,1
DA:165,1
DA:166,1
DA:167,6
DA:168,0
DA:169,0
DA:170,0
DA:171,0
DA:174,1
DA:175,1
DA:176,1
DA:179,1
DA:186,1
DA:187,1
DA:188,1
DA:189,1
DA:190,1
DA:202,1
DA:203,1
DA:209,1
DA:211,4
DA:212,0
DA:215,1
DA:222,1
DA:226,1
DA:227,2
DA:228,2
DA:230,1
DA:231,1
DA:232,0
DA:233,0
DA:234,0
DA:235,0
DA:236,0
DA:237,0
DA:238,0
DA:239,0
DA:242,0
DA:244,1
DA:251,1
DA:252,0
DA:255,1
DA:256,1
DA:257,1
DA:258,1
DA:259,1
DA:262,1
DA:263,1
DA:264,1
DA:266,1
DA:267,336
DA:268,336
DA:269,2
DA:270,2
DA:271,2
DA:272,2
DA:276,1
DA:277,1
DA:278,2
DA:281,1
DA:282,1
DA:283,1
DA:285,1
DA:286,1
DA:287,9
DA:288,7
DA:290,1
DA:297,22
DA:300,1
DA:316,1
DA:317,1
DA:318,1
DA:319,76
DA:320,13
DA:322,1
DA:325,1
DA:326,1
DA:327,28
DA:328,14
DA:331,1
DA:340,1
DA:363,1
DA:364,1
DA:365,1
DA:366,1
DA:367,1
DA:368,1
DA:369,1
DA:370,1
DA:371,1
DA:378,0
DA:380,0
DA:381,0
DA:384,0
DA:385,0
DA:386,0
DA:387,0
DA:388,0
DA:389,0
DA:390,0
DA:395,0
DA:396,0
DA:397,0
DA:398,0
DA:399,0
DA:400,0
DA:401,0
DA:405,0
DA:414,0
DA:420,0
DA:422,0
DA:423,0
DA:426,0
DA:434,0
DA:437,0
DA:438,0
DA:440,0
DA:441,0
DA:442,0
DA:445,0
LF:129
LH:84
BRDA:163,0,0,0
BRDA:163,0,1,1
BRDA:167,1,0,0
BRDA:167,1,1,6
BRDA:167,2,0,6
BRDA:167,2,1,1
BRDA:169,3,0,0
BRDA:169,3,1,0
BRDA:174,4,0,1
BRDA:174,4,1,0
BRDA:175,5,0,1
BRDA:175,5,1,0
BRDA:191,6,0,0
BRDA:191,6,1,1
BRDA:192,7,0,0
BRDA:192,7,1,1
BRDA:193,8,0,0
BRDA:193,8,1,1
BRDA:194,9,0,0
BRDA:194,9,1,1
BRDA:228,10,0,0
BRDA:228,10,1,2
BRDA:230,11,0,1
BRDA:230,11,1,1
BRDA:231,12,0,0
BRDA:231,12,1,1
BRDA:235,13,0,0
BRDA:235,13,1,0
BRDA:235,14,0,0
BRDA:235,14,1,0
BRDA:237,15,0,0
BRDA:237,15,1,0
BRDA:238,16,0,0
BRDA:238,16,1,0
BRDA:251,17,0,0
BRDA:251,17,1,1
BRDA:251,18,0,1
BRDA:251,18,1,1
BRDA:263,19,0,1
BRDA:263,19,1,1
BRDA:264,20,0,1
BRDA:264,20,1,1
BRDA:268,21,0,2
BRDA:268,21,1,334
BRDA:270,22,0,0
BRDA:270,22,1,2
BRDA:271,23,0,0
BRDA:271,23,1,2
BRDA:282,24,0,0
BRDA:282,24,1,1
BRDA:283,25,0,0
BRDA:283,25,1,1
BRDA:287,26,0,0
BRDA:287,26,1,1
BRDA:288,27,0,0
BRDA:288,27,1,1
BRDA:320,28,0,1
BRDA:320,28,1,12
BRDA:322,29,0,1
BRDA:322,29,1,0
BRDA:328,30,0,2
BRDA:328,30,1,12
BRDA:341,31,0,1
BRDA:341,31,1,0
BRDA:364,32,0,0
BRDA:364,32,1,1
BRDA:364,33,0,1
BRDA:364,33,1,0
BRDA:364,33,2,1
BRDA:365,34,0,0
BRDA:365,34,1,1
BRDA:365,35,0,1
BRDA:365,35,1,0
BRDA:366,36,0,0
BRDA:366,36,1,1
BRDA:366,37,0,1
BRDA:366,37,1,0
BRDA:367,38,0,0
BRDA:367,38,1,1
BRDA:367,39,0,1
BRDA:367,39,1,0
BRDA:368,40,0,0
BRDA:368,40,1,1
BRDA:369,41,0,0
BRDA:369,41,1,1
BRDA:369,42,0,1
BRDA:369,42,1,1
BRDA:370,43,0,0
BRDA:370,43,1,1
BRDA:386,44,0,0
BRDA:386,44,1,0
BRDA:388,45,0,0
BRDA:388,45,1,0
BRDA:388,46,0,0
BRDA:388,46,1,0
BRDA:397,47,0,0
BRDA:397,47,1,0
BRDA:399,48,0,0
BRDA:399,48,1,0
BRDA:399,49,0,0
BRDA:399,49,1,0
BRDA:406,50,0,0
BRDA:406,50,1,0
BRDA:408,51,0,0
BRDA:408,51,1,0
BRDA:409,52,0,0
BRDA:409,52,1,0
BRDA:410,53,0,0
BRDA:410,53,1,0
BRDA:411,54,0,0
BRDA:411,54,1,0
BRDA:422,55,0,0
BRDA:422,55,1,0
BRDA:440,56,0,0
BRDA:440,56,1,0
BRF:115
BRH:49
end_of_record
TN:
SF:services\skillGapService.ts
FN:141,analyzeSkillGaps
FN:159,generateAISkillGapAnalysis
FN:273,generateRuleBasedAnalysis
FN:279,(anonymous_3)
FN:283,(anonymous_4)
FN:284,(anonymous_5)
FN:288,(anonymous_6)
FN:295,(anonymous_7)
FN:310,(anonymous_8)
FN:315,(anonymous_9)
FN:320,(anonymous_10)
FNF:11
FNH:11
FNDA:1,analyzeSkillGaps
FNDA:1,generateAISkillGapAnalysis
FNDA:3,generateRuleBasedAnalysis
FNDA:3,(anonymous_3)
FNDA:41,(anonymous_4)
FNDA:41,(anonymous_5)
FNDA:3,(anonymous_6)
FNDA:38,(anonymous_7)
FNDA:15,(anonymous_8)
FNDA:13,(anonymous_9)
FNDA:13,(anonymous_10)
DA:80,4
DA:81,4
DA:82,0
DA:89,4
DA:144,1
DA:145,1
DA:147,1
DA:148,1
DA:151,1
DA:152,1
DA:162,1
DA:163,1
DA:170,0
DA:172,0
DA:242,0
DA:252,0
DA:253,0
DA:254,0
DA:256,0
DA:257,0
DA:260,0
DA:267,0
DA:279,3
DA:280,3
DA:282,3
DA:283,41
DA:284,41
DA:286,3
DA:288,3
DA:295,3
DA:296,38
DA:297,38
DA:307,3
DA:310,15
DA:315,13
DA:320,13
DA:325,3
LF:37
LH:26
BRDA:81,0,0,0
BRDA:81,0,1,4
BRDA:147,1,0,1
BRDA:147,1,1,0
BRDA:151,2,0,0
BRDA:151,3,0,0
BRDA:151,4,0,0
BRDA:151,5,0,0
BRDA:162,6,0,1
BRDA:162,6,1,0
BRDA:166,7,0,0
BRDA:167,8,0,0
BRDA:168,9,0,0
BRDA:169,10,0,0
BRDA:175,11,0,0
BRDA:175,11,1,0
BRDA:176,12,0,0
BRDA:176,12,1,0
BRDA:243,13,0,0
BRDA:243,13,1,0
BRDA:252,14,0,0
BRDA:252,14,1,0
BRDA:256,15,0,0
BRDA:256,15,1,0
BRDA:256,16,0,0
BRDA:256,16,1,0
BRDA:280,17,0,3
BRDA:280,17,1,0
BRDA:290,18,0,0
BRDA:290,18,1,3
BRDA:290,19,0,0
BRDA:290,19,1,3
BRDA:291,20,0,3
BRDA:291,20,1,0
BRDA:292,21,0,3
BRDA:292,21,1,0
BRDA:299,22,0,12
BRDA:299,22,1,26
BRDA:299,23,0,13
BRDA:299,23,1,13
BRDA:301,24,0,12
BRDA:301,24,1,26
BRDA:302,25,0,12
BRDA:302,25,1,26
BRF:44
BRH:16
end_of_record
TN:
SF:tests\dbHandler.ts
FN:6,(anonymous_0)
FN:12,(anonymous_1)
FN:18,(anonymous_2)
FNF:3
FNH:3
FNDA:3,(anonymous_0)
FNDA:3,(anonymous_1)
FNDA:7,(anonymous_2)
DA:6,3
DA:7,3
DA:8,3
DA:9,3
DA:12,3
DA:13,3
DA:14,3
DA:15,3
DA:18,3
DA:19,7
DA:20,7
DA:21,35
DA:22,35
LF:13
LH:13
BRF:0
BRH:0
end_of_record
TN:
SF:utils\AppError.ts
FN:9,(anonymous_0)
FN:16,(anonymous_1)
FN:20,(anonymous_2)
FN:24,(anonymous_3)
FN:28,(anonymous_4)
FN:32,(anonymous_5)
FN:36,(anonymous_6)
FNF:7
FNH:2
FNDA:2,(anonymous_0)
FNDA:0,(anonymous_1)
FNDA:2,(anonymous_2)
FNDA:0,(anonymous_3)
FNDA:0,(anonymous_4)
FNDA:0,(anonymous_5)
FNDA:0,(anonymous_6)
DA:10,2
DA:11,2
DA:12,2
DA:13,2
DA:17,0
DA:21,2
DA:25,0
DA:29,0
DA:33,0
DA:37,0
LF:10
LH:5
BRDA:9,0,0,0
BRDA:16,1,0,0
BRDA:20,2,0,0
BRDA:24,3,0,0
BRDA:28,4,0,0
BRDA:32,5,0,0
BRDA:36,6,0,0
BRF:7
BRH:0
end_of_record
TN:
SF:utils\logger.ts
FN:9,(anonymous_0)
FN:54,(anonymous_1)
FNF:2
FNH:1
FNDA:32,(anonymous_0)
FNDA:0,(anonymous_1)
DA:4,5
DA:6,5
DA:10,32
DA:11,32
DA:12,16
DA:14,32
DA:15,32
DA:19,5
DA:53,5
DA:54,0
LF:10
LH:9
BRDA:11,0,0,16
BRDA:11,0,1,16
BRDA:14,1,0,0
BRDA:14,1,1,32
BRDA:20,2,0,5
BRDA:20,2,1,5
BRF:6
BRH:5
end_of_record
